Using pre-set license
Built from '2022.3/staging' branch; Version is '2022.3.1f1 (f18e0c1b5784) revision 15830540'; Using compiler version '192829333'; Build Type 'Release'
OS: 'Windows 10  (10.0.19045) 64bit Professional' Language: 'es' Physical Memory: 16085 MB
BatchMode: 1, IsHumanControllingUs: 0, StartBugReporterOnCrash: 0, Is64bit: 1, IsPro: 1

COMMAND LINE ARGUMENTS:
D:\Work\Unity\Hub\Editor\2022.3.1f1\Editor\Unity.exe
-adb2
-batchMode
-noUpm
-name
AssetImportWorker2
-projectPath
D:/Work/Unity/Hub/Projects/DnD5e
-logFile
Logs/AssetImportWorker2.log
-srvPort
54035
Successfully changed project path to: D:/Work/Unity/Hub/Projects/DnD5e
D:/Work/Unity/Hub/Projects/DnD5e
[UnityMemory] Configuration Parameters - Can be set up in boot.config
    "memorysetup-bucket-allocator-granularity=16"
    "memorysetup-bucket-allocator-bucket-count=8"
    "memorysetup-bucket-allocator-block-size=33554432"
    "memorysetup-bucket-allocator-block-count=8"
    "memorysetup-main-allocator-block-size=16777216"
    "memorysetup-thread-allocator-block-size=16777216"
    "memorysetup-gfx-main-allocator-block-size=16777216"
    "memorysetup-gfx-thread-allocator-block-size=16777216"
    "memorysetup-cache-allocator-block-size=4194304"
    "memorysetup-typetree-allocator-block-size=2097152"
    "memorysetup-profiler-bucket-allocator-granularity=16"
    "memorysetup-profiler-bucket-allocator-bucket-count=8"
    "memorysetup-profiler-bucket-allocator-block-size=33554432"
    "memorysetup-profiler-bucket-allocator-block-count=8"
    "memorysetup-profiler-allocator-block-size=16777216"
    "memorysetup-profiler-editor-allocator-block-size=1048576"
    "memorysetup-temp-allocator-size-main=16777216"
    "memorysetup-job-temp-allocator-block-size=2097152"
    "memorysetup-job-temp-allocator-block-size-background=1048576"
    "memorysetup-job-temp-allocator-reduction-small-platforms=262144"
    "memorysetup-allocator-temp-initial-block-size-main=262144"
    "memorysetup-allocator-temp-initial-block-size-worker=262144"
    "memorysetup-temp-allocator-size-background-worker=32768"
    "memorysetup-temp-allocator-size-job-worker=262144"
    "memorysetup-temp-allocator-size-preload-manager=33554432"
    "memorysetup-temp-allocator-size-nav-mesh-worker=65536"
    "memorysetup-temp-allocator-size-audio-worker=65536"
    "memorysetup-temp-allocator-size-cloud-worker=32768"
    "memorysetup-temp-allocator-size-gi-baking-worker=262144"
    "memorysetup-temp-allocator-size-gfx=262144"
Player connection [11464] Host "[IP] 172.20.0.1 [Port] 0 [Flags] 2 [Guid] 394143125 [EditorId] 394143125 [Version] 1048832 [Id] WindowsEditor(7,Dimitri-Laptop) [Debug] 1 [PackageName] WindowsEditor [ProjectName] Editor" joined multi-casting on [225.0.0.222:54997]...

Player connection [11464] Host "[IP] 172.20.0.1 [Port] 0 [Flags] 2 [Guid] 394143125 [EditorId] 394143125 [Version] 1048832 [Id] WindowsEditor(7,Dimitri-Laptop) [Debug] 1 [PackageName] WindowsEditor [ProjectName] Editor" joined alternative multi-casting on [225.0.0.222:34997]...

Refreshing native plugins compatible for Editor in 7.79 ms, found 0 plugins.
Preloading 0 native plugins for Editor in 0.00 ms.
Initialize engine version: 2022.3.1f1 (f18e0c1b5784)
[Subsystems] Discovering subsystems at path D:/Work/Unity/Hub/Editor/2022.3.1f1/Editor/Data/Resources/UnitySubsystems
[Subsystems] Discovering subsystems at path D:/Work/Unity/Hub/Projects/DnD5e/Assets
GfxDevice: creating device client; threaded=0; jobified=0
Direct3D:
    Version:  Direct3D 11.0 [level 11.1]
    Renderer: NVIDIA GeForce RTX 3050 Laptop GPU (ID=0x25a5)
    Vendor:   NVIDIA
    VRAM:     3964 MB
    Driver:   31.0.15.5152
Initialize mono
Mono path[0] = 'D:/Work/Unity/Hub/Editor/2022.3.1f1/Editor/Data/Managed'
Mono path[1] = 'D:/Work/Unity/Hub/Editor/2022.3.1f1/Editor/Data/MonoBleedingEdge/lib/mono/unityjit-win32'
Mono config path = 'D:/Work/Unity/Hub/Editor/2022.3.1f1/Editor/Data/MonoBleedingEdge/etc'
Using monoOptions --debugger-agent=transport=dt_socket,embedding=1,server=y,suspend=n,address=127.0.0.1:56032
Begin MonoManager ReloadAssembly
Registering precompiled unity dll's ...
Register platform support module: D:/Work/Unity/Hub/Editor/2022.3.1f1/Editor/Data/PlaybackEngines/WebGLSupport/UnityEditor.WebGL.Extensions.dll
Register platform support module: D:/Work/Unity/Hub/Editor/2022.3.1f1/Editor/Data/PlaybackEngines/AndroidPlayer/UnityEditor.Android.Extensions.dll
Register platform support module: D:/Work/Unity/Hub/Editor/2022.3.1f1/Editor/Data/PlaybackEngines/WindowsStandaloneSupport/UnityEditor.WindowsStandalone.Extensions.dll
Register platform support module: D:/Work/Unity/Hub/Editor/2022.3.1f1/Editor/Data/PlaybackEngines/MetroSupport/UnityEditor.UWP.Extensions.dll
Registered in 0.006308 seconds.
- Loaded All Assemblies, in  0.290 seconds
Native extension for UWP target not found
Native extension for WindowsStandalone target not found
Native extension for Android target not found
Android Extension - Scanning For ADB Devices 264 ms
Native extension for WebGL target not found
Mono: successfully reloaded assembly
- Finished resetting the current domain, in  0.541 seconds
Domain Reload Profiling: 831ms
	BeginReloadAssembly (83ms)
		ExecutionOrderSort (0ms)
		DisableScriptedObjects (0ms)
		BackupInstance (0ms)
		ReleaseScriptingObjects (0ms)
		CreateAndSetChildDomain (1ms)
	RebuildCommonClasses (30ms)
	RebuildNativeTypeToScriptingClass (9ms)
	initialDomainReloadingComplete (47ms)
	LoadAllAssembliesAndSetupDomain (121ms)
		LoadAssemblies (83ms)
		RebuildTransferFunctionScriptingTraits (0ms)
		AnalyzeDomain (118ms)
			TypeCache.Refresh (117ms)
				TypeCache.ScanAssembly (107ms)
			ScanForSourceGeneratedMonoScriptInfo (0ms)
			ResolveRequiredComponents (1ms)
	FinalizeReload (541ms)
		ReleaseScriptCaches (0ms)
		RebuildScriptCaches (0ms)
		SetupLoadedEditorAssemblies (487ms)
			LogAssemblyErrors (0ms)
			InitializePlatformSupportModulesInManaged (357ms)
			SetLoadedEditorAssemblies (4ms)
			RefreshPlugins (0ms)
			BeforeProcessingInitializeOnLoad (2ms)
			ProcessInitializeOnLoadAttributes (85ms)
			ProcessInitializeOnLoadMethodAttributes (39ms)
			AfterProcessingInitializeOnLoad (0ms)
			EditorAssembliesLoaded (0ms)
		ExecutionOrderSort2 (0ms)
		AwakeInstancesAfterBackupRestoration (0ms)
========================================================================
Worker process is ready to serve import requests
Begin MonoManager ReloadAssembly
Symbol file LoadedFromMemory is not a mono symbol file
- Loaded All Assemblies, in  0.516 seconds
Refreshing native plugins compatible for Editor in 2.33 ms, found 0 plugins.
Native extension for UWP target not found
Native extension for WindowsStandalone target not found
Native extension for Android target not found
Native extension for WebGL target not found
Launched and connected shader compiler UnityShaderCompiler.exe after 0.04 seconds
Mono: successfully reloaded assembly
- Finished resetting the current domain, in  0.643 seconds
Domain Reload Profiling: 1159ms
	BeginReloadAssembly (106ms)
		ExecutionOrderSort (0ms)
		DisableScriptedObjects (5ms)
		BackupInstance (0ms)
		ReleaseScriptingObjects (0ms)
		CreateAndSetChildDomain (21ms)
	RebuildCommonClasses (27ms)
	RebuildNativeTypeToScriptingClass (9ms)
	initialDomainReloadingComplete (32ms)
	LoadAllAssembliesAndSetupDomain (341ms)
		LoadAssemblies (195ms)
		RebuildTransferFunctionScriptingTraits (0ms)
		AnalyzeDomain (199ms)
			TypeCache.Refresh (189ms)
				TypeCache.ScanAssembly (177ms)
			ScanForSourceGeneratedMonoScriptInfo (7ms)
			ResolveRequiredComponents (2ms)
	FinalizeReload (643ms)
		ReleaseScriptCaches (0ms)
		RebuildScriptCaches (0ms)
		SetupLoadedEditorAssemblies (525ms)
			LogAssemblyErrors (0ms)
			InitializePlatformSupportModulesInManaged (21ms)
			SetLoadedEditorAssemblies (3ms)
			RefreshPlugins (0ms)
			BeforeProcessingInitializeOnLoad (51ms)
			ProcessInitializeOnLoadAttributes (169ms)
			ProcessInitializeOnLoadMethodAttributes (278ms)
			AfterProcessingInitializeOnLoad (2ms)
			EditorAssembliesLoaded (0ms)
		ExecutionOrderSort2 (0ms)
		AwakeInstancesAfterBackupRestoration (4ms)
Refreshing native plugins compatible for Editor in 2.34 ms, found 0 plugins.
Preloading 0 native plugins for Editor in 0.00 ms.
Unloading 1759 Unused Serialized files (Serialized files now loaded: 0)
Unloading 27 unused Assets / (52.6 KB). Loaded Objects now: 2287.
Memory consumption went from 110.5 MB to 110.4 MB.
Total: 9.347500 ms (FindLiveObjects: 0.141600 ms CreateObjectMapping: 0.092100 ms MarkObjects: 9.002200 ms  DeleteObjects: 0.110000 ms)

AssetImportParameters requested are different than current active one (requested -> active):
  custom:video-encoder-webm-vp8: eb34c28f22e8b96e1ab97ce403110664 -> 
  custom:scripting/monoscript/fileName/UdpSocket.cs: 8c0d397a479fd27af2dbb174e2e93898 -> 7555d065f81d23e6604acb91cf79ddd6
  custom:video-decoder-webm-vp8: 9c59270c3fd7afecdb556c50c9e8de78 -> 
  custom:scripting/monoscript/fileName/TMP_FontFeatureTable.cs: 5ff9812058e8c02a5b04eaa88778f2a5 -> cbd25d300d7ed4d969d60cb9f98f2826
  custom:scripting/monoscript/fileName/TMP_FontAssetCommon.cs: 4a5ab4d4426385ab38edd57c118cd485 -> 2b5f11ccf8aacaf9b5ea6564bf2b0d57
  custom:scripting/monoscript/fileName/TMP_SDFShaderGUI.cs: 082588c068c6e819b94cdf417f8b7551 -> 1460619486eb6e8da302e26af5538aaa
  custom:scripting/monoscript/fileName/TMP_RichTextTagsCommon.cs: d28b21b13d6cea8fa92671f9a2a1f20d -> 5462d55f8a9ad882f9a7f2d708a6978b
  custom:scripting/monoscript/fileName/NavMeshSurface.cs: 34aebd278d8d3d5db6b23265b9c700f9 -> 
  custom:scripting/monoscript/fileName/TMPro_ExtensionMethods.cs: 3d34decc871f763d4c9c61f1fe0f3275 -> 479bffcc157b89693ffc4c2ef2374861
  custom:scripting/monoscript/fileName/ExceptionEventArgs.cs: e02709200f0b16494a1611966a13889c -> 27cb4c00a4137b184e01164606c88685
  custom:scripting/monoscript/fileName/TMPro_EventManager.cs: 9ebed0b1e26a8c995d644c176e696d93 -> 4c7492301243f935f7a463360f91d217
  custom:scripting/monoscript/fileName/TMP_SubMeshUI.cs: 7a6337f74438df5e26b302bbbbc41105 -> 748262c65738bc5e1c553ae7a37a0c73
  custom:scripting/monoscript/fileName/GlyphRectPropertyDrawer.cs: d355023434b9b8f82f7070cb40c7c036 -> bdec415148eac17379112822c8814df5
  custom:scripting/monoscript/fileName/HelpUrls.cs: c1a90585e3e9c9d25f58f9141655f24f -> 
  custom:scripting/monoscript/fileName/TMPro_UGUI_Private.cs: 8f6297df34271fdb1ce2d9607ec6261d -> 90647cc400823b41df847a6cbfc29026
  custom:scripting/monoscript/fileName/EditorStyles.cs: 86b9f4d8fe570a8d8295bfc466c975cf -> 
  custom:audio-decoder-ogg-vorbis: bf7c407c2cedff20999df2af8eb42d56 -> 
  custom:scripting/monoscript/fileName/Image.cs: 27f7fe2eed0ee693ad26142088b47cca -> f32195bbbc1ca9edcb6c8c6185597e40
  custom:scripting/monoscript/fileName/Cli.cs: be16a0a8bb16d1ef9d2560a778c2da7b -> d287e08b50f2cb135aa4d7f8e01b7ef9
  custom:scripting/monoscript/fileName/MessageEventArgs.cs: ff5ca0eb4b435cf92aa845f4d510328b -> 528473bbcee3623fe954627c6bfadd2e
  custom:scripting/monoscript/fileName/SolutionProperties.cs: e56a3118082c5b341d1dc42cac5ce89b -> ab8751e49ae2f3d9994444a0a38619bd
  custom:scripting/monoscript/fileName/TMPro_ContextMenus.cs: fbbbcbf9b4eb950e9aeda2d70529152c -> 06b3d4b27f337b8d846ca7117f3251e1
  custom:scripting/monoscript/fileName/TMPro_MeshUtilities.cs: 183dd3a7e1b70c109767dd5059a390dd -> 2237d160e4d9e81a7d899dc235029cb3
  custom:scripting/monoscript/fileName/TMP_TextInfo.cs: d86eebf32f36b8febee06365f862b403 -> 9e4eb698c4c168829682cbe659418e8f
  custom:scripting/monoscript/fileName/ProjectGeneration.cs: 631e1f813e8898e94005a29ebb8e9f6d -> 214ca3c28296f47a7d19f1fd999fc81d
  custom:scripting/monoscript/fileName/TMP_TextElement_Legacy.cs: 33cc86d4b4c35f95c6446ea70ef56fc4 -> 6e11e173cb695b15e8cce3cd1e1cb2a7
  custom:scripting/monoscript/fileName/TMP_Compatibility.cs: d5209fd9c6a9aef9cccdbfb4f06bd571 -> 3ef1f12d3c823dd740c7c596ab076c61
  custom:scripting/monoscript/fileName/TextContainer.cs: 4e3c016869303ab3136387f7870e5adb -> 245c032a15fbc12850861c707e37b027
  custom:scripting/monoscript/fileName/TMP_EditorResourceManager.cs: 30391129c5b96f298e44c099ae0fab57 -> f56b80268a934198a76acc6f4cef503c
  custom:scripting/monoscript/fileName/TMPro_FontAssetCreatorWindow.cs: 9d68c1aab1c646cdf3e70083dc01df96 -> 0d0900483ed9b57d4ccc2ff58d1220b3
  custom:scripting/monoscript/fileName/ConverterItemInfo.cs: 9fb131dfa28a9ed6b6d00fd9cf83ece4 -> 
  custom:scripting/monoscript/fileName/ProjectProperties.cs: b180a07572fd00ffb8a37c98ca6e2b49 -> 407063898a13eaad2cd100e43551c6b5
  custom:scripting/monoscript/fileName/KnownAssemblies.cs: eeea5c54de119292c9e35e827e39077b -> 286bea9f8fcee5e392f6fc0f0cd541c8
  custom:scripting/monoscript/fileName/TestRunnerApiListener.cs: 6c187faf0bd0f433a681c31e7512bd7e -> cc17cec8825a8f933d6ecbd68d51f1de
  custom:scripting/monoscript/fileName/TMP_Settings.cs: 957f1889ca66b295dca8f725cc81558d -> 68d1204aae2aa6d0a54c151b7af443e7
  custom:scripting/monoscript/fileName/TMP_SubMesh_Editor.cs: 6199a3bf0c204e3bdded9f5f05415a32 -> b381eb4c2ad4ef265088242d67c5b140
  custom:scripting/monoscript/fileName/VersionPair.cs: 83d1d4ad8ea7a98456de1bf0e51c2809 -> 88b4a0b7e953537f26ded0a68cf4c238
  custom:scripting/monoscript/fileName/Symbols.cs: 45ec383a13e5ac18bbf85f25db5b131e -> 27613575e8bda8a6448f80ff27c488f9
  custom:scripting/monoscript/fileName/TMPro_SortingLayerHelper.cs: e3aabd077ed12370ac46dda129ef572e -> 8b86ad735987eff6a1277352e9e8d9b6
  custom:scripting/monoscript/fileName/TMP_TextElement.cs: fb8354965187a75f506d9a9df85f19dd -> 5dfb95666bd41ecc32948097824aba23
  custom:scripting/monoscript/fileName/TMP_Text.cs: c453c9b4dcb2bfad1083e3b49dfa3983 -> 5cba61e283281e8dbf7dadaabcd638dc
  custom:scripting/monoscript/fileName/TMP_InputFieldEditor.cs: 8f2095c37e5fd5ed563d60163f0c2e52 -> a6f05406e9cdb59679382b884c14216a
  custom:container-demuxer-ogg: 62fdf1f143b41e24485cea50d1cbac27 -> 
  custom:scripting/monoscript/fileName/NavMeshLinkEditor.cs: aed8ae070d922149bb2ba3de06889ff6 -> 
  custom:AudioImporter_EditorPlatform: d09bf68614088b80899f8185d706f6e7 -> 
  custom:scripting/monoscript/fileName/TMP_SpriteAssetImportFormats.cs: 3cc56654a2015a96112916e9636fbe6f -> 920e3140228fbd530b0080254da22d88
  custom:scripting/monoscript/fileName/TestResultAdaptor.cs: 16f5b03abe348a2daca79e8d44a65466 -> fb4db3971d5379750cda884e7e44e3e4
  custom:scripting/monoscript/fileName/TMP_StyleAssetMenu.cs: d695e815510410a6715fa00ae5e73f57 -> 60e7743122a0686d1131101c521adac6
  custom:scripting/monoscript/fileName/TMP_MaterialManager.cs: 1382feee688fee3eebaa5e9d7b47e98d -> 441d72ec3c04a8da6a351f60fff95465
  custom:scripting/monoscript/fileName/NavMeshModifier.cs: 99ae5ed91bb784edc4f8312d7de046da -> 
  custom:scripting/monoscript/fileName/TMP_SpriteAsset.cs: b46309090c7f7da519ff6ef3172bd077 -> 8d06882cb45c7664f8d7c3079ee8757f
  custom:scripting/monoscript/fileName/TMP_TextParsingUtilities.cs: 47331f425db7fa5c443a11c866530503 -> 8b3fe20641ae0dd97405135955c706a3
  custom:scripting/monoscript/fileName/UnityInstallation.cs: b5b03b3b3e06c1a279a8d0206f524a8c -> 0ba30d4545f2c34a9323456723b5dbfe
  custom:scripting/monoscript/fileName/AssemblyNameProvider.cs: e819fcfbbfae3009fad0a5945ae65e45 -> 79a56fbd4fb93531a5e76fae2fee1660
  custom:scripting/monoscript/fileName/SolutionProjectEntry.cs: ad134947b839971a55dcc89fa7def608 -> 68cea09e9af09443edf61e18806ac1c2
  custom:scripting/monoscript/fileName/VisualStudioEditor.cs: 0723bb91171820644eb6c92edfe7a716 -> 21e59f688ad500ab61aca318850ec505
  custom:scripting/monoscript/fileName/NavMeshModifierVolumeEditor.cs: 262a50135a116189426aa01c964a744c -> 
  custom:scripting/monoscript/fileName/TMP_ResourcesManager.cs: 0d972ba50c38c5b25fe15fb0c61ada2b -> 64252a073d41e9c6f4e95b5f68ac966c
  custom:scripting/monoscript/fileName/TMPro_TexturePostProcessor.cs: d21743efde4e74198703a65b965619ea -> 0750ad2b775120fa59f760172dc340ad
  custom:scripting/monoscript/fileName/TMP_PostBuildProcessHandler.cs: 728d00fd9070cbfe6d8df45c08e57305 -> c69b388004562ecb0f789fc3759d9651
  custom:scripting/monoscript/fileName/VisualStudioInstallation.cs: 0d67d8617dccb9ec1e3d5b40231d5c9c -> 41612f13db7783c8635801ab159c1079
  custom:scripting/monoscript/fileName/TMP_DropdownEditor.cs: 6df138b51e278f9c93bd4976e96aa952 -> 2d907ee76ef876797c15186180266847
  custom:scripting/monoscript/fileName/NavMeshAssetManager.cs: 79eb4858c2054289cd611249ab36b0a5 -> 
  custom:scripting/monoscript/fileName/NavigationOverlay.cs: 2744f4e7946ebbb71339c9b1ce538d00 -> 
  custom:scripting/monoscript/fileName/TMP_PackageResourceImporter.cs: 5335f4ee7041812300af31a777e4f584 -> 949b6e7fa2132b400d5c4aaf9c34421a
  custom:scripting/monoscript/fileName/Serializer.cs: 2b736798b11bc678f2f6eea28f35b11e -> 6c1de1ff1b6b7616ec79b8ee1445add4
  custom:scripting/monoscript/fileName/TMP_EditorCoroutine.cs: 01d80099920d11c11bfa87417e26164b -> 04cbf5ce6e541d98265aa7668ef82832
  custom:scripting/monoscript/fileName/TcpListener.cs: 2e837178dd3ee07b0dd871ea47f79d1c -> 940bfdac0e91ad2884e6359468f2782a
  custom:scripting/monoscript/fileName/TMP_Style.cs: 22d5739edd705d10f980250dcfd7fde0 -> ecc9948baa78373f3076151d1a0642d9
  custom:scripting/monoscript/fileName/NavMeshSurfaceEditor.cs: adb1294e971eab992abc2e3e7e051565 -> 
  custom:scripting/monoscript/fileName/TMP_StyleSheetEditor.cs: b6503d890746d6150e0f267f43ce60e4 -> 38b210a450ac855df2d81ab0242c2feb
  custom:scripting/monoscript/fileName/Message.cs: 0df736987b8a417e9ce994b40a88ba8e -> 8a00dcc181642c768fc9c0486848903e
  custom:scripting/monoscript/fileName/SolutionParser.cs: d75126b0174a0c9995bacb91f692ba43 -> 240a75b5fc2682997268aa77e6a1dd86
  custom:scripting/monoscript/fileName/TMP_EditorPanelUI.cs: 6242af713a75147e6e5820bfce936424 -> 0c3fb43855adf1da22258c211d01a47d
  custom:container-demuxer-webm: 4f35f7cbe854078d1ac9338744f61a02 -> 
  custom:scripting/monoscript/fileName/TestAdaptor.cs: 4286d6ce850b7e57b6ad1d9b342a9979 -> 486cec8559bad7c56adc699f165feb67
  custom:scripting/monoscript/fileName/TMP_FontAsset.cs: 52c81438acb65fa444fe26964ef0345b -> 6c1db4680a96f294cf0af87a0b8099aa
  custom:scripting/monoscript/fileName/TcpClient.cs: 62f63a757b531974565dd3360d33c3e2 -> a949cfd4c46427829913ee0195fa0103
  custom:scripting/monoscript/fileName/TMP_SubMeshUI_Editor.cs: 765ce633a5bfada7c5afc51aed8631bb -> 119a633ce37cc27ac209988b5de61d96
  custom:scripting/monoscript/fileName/NavMeshModifierVolume.cs: 8dc531216c72b86c60b86e16ff3da10b -> 
  custom:scripting/monoscript/fileName/NavMeshUpdaterUtility.cs: 5eb03802e6dba19b3e13aaf384805cac -> 
  custom:scripting/monoscript/fileName/ConverterItemDescriptor.cs: 8182050d34c5cb602eb7913435a7abee -> 
  custom:scripting/monoscript/fileName/TMP_BaseEditorPanel.cs: bf7c6aff8663a36814779dfe47e82e00 -> f4b9967705e7bb57152fef4117417ba7
  custom:scripting/monoscript/fileName/TMP_InputField.cs: 8fed3480abb5543168012b207b39349b -> f7712ab842984f124274656d749eca3d
  custom:scripting/monoscript/fileName/TMP_Sprite.cs: e9945527ea1584af23f8f41ce4b844b4 -> 0ee3c386846aa132dd254421fac18cd1
  custom:scripting/monoscript/fileName/RunItemContext.cs: 338b2243183036c2b60f94c1b5e817c5 -> 
  custom:scripting/monoscript/fileName/TMP_ResourcesLoader.cs: f71e35ced40721d6906e578fb6e7f0e9 -> 6f1f07799f3cfe795f955033c27f98ed
  custom:scripting/monoscript/fileName/TMP_StyleSheet.cs: b6deb5f646a1f5ad7b696d32618ba797 -> de73099b6bd4b9281c92feedf1315618
  custom:scripting/monoscript/fileName/TMP_MeshInfo.cs: 375ed9fada55d6bf39f9352ef1dd520b -> 89833651f7d905e51b340ec2afe531d1
  custom:scripting/monoscript/fileName/TMPro_Private.cs: 8f6297df34271fdb1ce2d9607ec6261d -> 90647cc400823b41df847a6cbfc29026
  custom:scripting/monoscript/fileName/TMP_SpriteCharacter.cs: fe232bb280dddc880a01918d3502c13a -> 81dc73ff0878d6528202f8be44877b26
  custom:scripting/monoscript/fileName/Deserializer.cs: 5a795d9395ad7e35e14ed6e294af204a -> 1cc72e9ed2428cc6d6ce2d4d2ad7b02b
  custom:scripting/monoscript/fileName/Discovery.cs: 1b4d0d455d12ead4b8ab711839df7c05 -> 2653aab1b250aaf4e3b996846f31c100
  custom:scripting/monoscript/fileName/TMP_ShaderUtilities.cs: 75ec062faab558cb3190dcd3e4820547 -> 84a261643983e306d02445da38ed662f
  custom:scripting/monoscript/fileName/TMP_SettingsEditor.cs: aa2b5eadaadb4b54b49cd650a2246119 -> 56bf06371df7e13c5b8cc88becb89a4d
  custom:scripting/monoscript/fileName/TMP_UpdateRegistery.cs: 62691e6bdb107984e7d826316a6498e1 -> 1f23864d29c3a03d22aa9b00a337cf78
  custom:scripting/monoscript/fileName/TMP_PackageUtilities.cs: 029634ff6f667ebc9454d70fde4def50 -> 89e6e95503dd36070edf73e7aaab4557
  custom:scripting/monoscript/fileName/NavigationPreferences.cs: ada9399a4f085d4c824cc06527e7fcae -> 
  custom:scripting/monoscript/fileName/BuiltInToNavMeshSurfaceConverterContainer.cs: c40a906f9f99ea8a6c5aaa215767017f -> 
  custom:scripting/monoscript/fileName/NavMeshSceneConverter.cs: baf486a1c1cdf03a3111dd113d13c2f4 -> 
  custom:scripting/monoscript/fileName/FastAction.cs: 94d6ead813247e604740a116c5fa92db -> dfbe75b66b645b53472915ad2590af11
  custom:scripting/monoscript/fileName/TMPro_TextContainerEditor.cs: a97aca5bcf1b2486a0f60b2c7a935c42 -> b2fbc5db24221a870c4de162a712cbfe
  custom:scripting/monoscript/fileName/FileUtility.cs: 483c7bc2d42f7a51c9ecb2b850733fbe -> 2ac32d1be3995576c010e03a17edbd93
  custom:scripting/monoscript/fileName/TMP_GlyphPairAdjustmentRecordPropertyDrawer.cs: 6f07d27e8ea91e29d6bd5f39dd8deb23 -> 1a07941369755af9e0a102a45e9058c5
  custom:scripting/monoscript/fileName/TMP_LineInfo.cs: 22ff02e7762110d3cc1f4bc096ea014d -> bb529d63c9723788bd7143f27cd69eaf
  custom:scripting/monoscript/fileName/TMP_FontFeaturesCommon.cs: 89ff6ee76bb6f84827488d597e70ea5a -> 7d1db71d73353e7dd97f094c509882fa
  custom:scripting/monoscript/fileName/VisualStudioIntegration.cs: cfa3622c505da8be2039caefbb88d122 -> f9e623c49f9f20ea97a4519aa48d72d4
  custom:video-decoder-ogg-theora: a1e56fd34408186e4bbccfd4996cb3dc -> 
  custom:scripting/monoscript/fileName/TMP_UpdateManager.cs: 2b12c9b6d4082e0390a306eceed60fc6 -> fa7e71df671c5b3088b39753e4bbc70d
  custom:scripting/monoscript/fileName/TMP_TextAlignmentDrawer.cs: ad15f73780bb9949f148eddcc3c3fbf7 -> 011b7908ef5eb5e9dea532c77e85c538
  custom:scripting/monoscript/fileName/TMP_EditorPanel.cs: 0bd13db7cdfa07805bfadd631c0ddba8 -> 0631f68be4ca0623bf3e313ec9becbc9
  custom:scripting/monoscript/fileName/TMP_EditorUtility.cs: f68b71b7543cddf9e4cdf261d5f519e5 -> b242106620cbbc38f0411146a086b885
  custom:scripting/monoscript/fileName/TMPro_CreateObjectMenu.cs: e9e63aff764c7e7fd08e66f87103df4d -> ddee59388caa7a56693342f3a805d427
  custom:scripting/monoscript/fileName/TMP_SpriteGlyphPropertyDrawer.cs: 4a6f1515709a40d92e24c84ec92fc53a -> 1447c7afab82cf56bc359d5c7fba114e
  custom:scripting/monoscript/fileName/TMP_Asset.cs: dcedda1866ab6edcf1af2d4525512628 -> 7e95c8d89188057bea8fc9569c9aa309
  custom:audio-encoder-webm-vorbis: bf7c407c2cedff20999df2af8eb42d56 -> 
  custom:scripting/monoscript/fileName/TMP_SpriteAssetMenu.cs: a42d2dc20ed9558b36972dc6e6d71655 -> 05ea7b84320d1b77a6d1ae49c41ee9cc
  custom:scripting/monoscript/fileName/TMP_TextUtilities.cs: f68f97869f24792bf3a3694d69de955c -> aab2855e68416a0a1f2f8904059662aa
  custom:scripting/monoscript/fileName/Solution.cs: 0ce897859916f31a23b527b10b82ea1c -> 8bc97d0abd509f39b67b3a5bbac1b9a1
  custom:scripting/monoscript/fileName/TestRunnerCallbacks.cs: 3af5d6a10f138e57c289f4f7d34ae28c -> 5627cb9f4ed769fba607b0cab8e9e63d
  custom:scripting/monoscript/fileName/TMP_BaseShaderGUI.cs: 2c2d4519754bb0c1dd0a107014b7ac8a -> 25118693f24c47c8a4b530b8bff26574
  custom:scripting/monoscript/fileName/TMP_Dropdown.cs: 39f6048c754db30f2da2ea32254db16b -> ecea2f8babcb40d207d2e73158251f60
  custom:scripting/monoscript/fileName/SystemConverterContainer.cs: eb4026ea01a117ce0888f693e9eed2cd -> 
  custom:scripting/monoscript/fileName/TMP_ColorGradient.cs: 3baf9c6d3c50fc594e68e0c756eb8779 -> 8d91c7c4749088eca69648d37a965bf8
  custom:scripting/monoscript/fileName/TMP_CharacterInfo.cs: d2593478681404ce2cbd40e4e2f8a6d3 -> c840ce0b0aa6c1faafb27b3b884b2328
  custom:scripting/monoscript/fileName/TMP_ColorGradientEditor.cs: 187fe88a4e95285275d1781f1da14d92 -> ed654c9d45026a5f71e6e9535130c15f
  custom:scripting/monoscript/fileName/TMP_PreBuildProcessor.cs: d965cd4513e689cb01c0481012a89dee -> 790c12dcd4980aa978fd28fb6f89fb37
  custom:scripting/monoscript/fileName/TMP_SpriteAssetImporter.cs: 06875a6ac5102e58811218e1c5dd33ca -> 675c97d72afe988872a20f51812f7cdf
  custom:scripting/monoscript/fileName/NavMeshUpdaterEditor.cs: 169704080eda430978bba61ddedeb304 -> 
  custom:scripting/monoscript/fileName/AsyncOperation.cs: 8f6297df34271fdb1ce2d9607ec6261d -> 90647cc400823b41df847a6cbfc29026
  custom:scripting/monoscript/fileName/TMP_SerializedPropertyHolder.cs: 9860586610cb3d91ae7f4ce33ab22d0b -> 99e5dbc1fa1abe750acc8166e4243be8
  custom:scripting/monoscript/fileName/FileIOProvider.cs: 9da57c1720342ac511a8be0defc92b8e -> c6be7d53b71e2f5ee2ecc596b7a7eb95
  custom:scripting/monoscript/fileName/TMP_SpriteAssetEditor.cs: 7dcaf47692799a91aa4e5cd439bc54d0 -> 8a42af05e85c0eed4128787976375b45
  custom:scripting/monoscript/fileName/TMP_SpriteCharacterPropertyDrawer.cs: 63186d320ccdf4dfa06fbce4e897d3f3 -> 14565b4e4f9266584dc3194fd967d252
  custom:scripting/monoscript/fileName/TMP_ListPool.cs: 8f6297df34271fdb1ce2d9607ec6261d -> 90647cc400823b41df847a6cbfc29026
  custom:scripting/monoscript/fileName/NavMeshLink.cs: 0b3d0eeb07ab57d259e8f9365538df09 -> 
  custom:framework-win-MediaFoundation: 216162199b28c13a410421893ffa2e32 -> 
  custom:scripting/monoscript/fileName/TMP_ColorGradientAssetMenu.cs: 79ee3689ecabb3de162f43faa3b27adc -> 83563be632f8167fcdca7878d36901f9
  custom:scripting/monoscript/fileName/TMP_BitmapShaderGUI.cs: ef806c32b355e8831ed4eb3f5e3400ff -> 2ce3ac811452d1d6d82e565157cac3e2
  custom:scripting/monoscript/fileName/MaterialReferenceManager.cs: eaedc912311d98c6b58e199f6250c848 -> c970e86594a0f568cbda548f2d4462c1
  custom:scripting/monoscript/fileName/DropdownOptionListDrawer.cs: 342ee3f9c806e60b189c02609042c492 -> 4362475bc384312c771d88865ee2f40d
  custom:scripting/monoscript/fileName/NavigationWindow.cs: 7884404b71178f59d8819c380b951d7c -> 
  custom:scripting/monoscript/fileName/TMP_Character.cs: 2bff3626198e4d2228876f1e687078e0 -> 015720458ea991fbf07357eae19532db
  custom:scripting/monoscript/fileName/TMP_SubMesh.cs: ff760a824537d48706351b95c8d4be21 -> 9fd75270af40187985e5c14cc85ebe42
  custom:scripting/monoscript/fileName/ITextPreProcessor.cs: 28ed6b2ca482997555fb0291bd20c40d -> a7aa94de5d5bfce2bdd74516315faaf2
  custom:scripting/monoscript/fileName/TMP_GlyphPropertyDrawer.cs: 75006bca208b32d4fc4710404c538acf -> 56b500a16a5c8f635a7bfdd702279864
  custom:scripting/monoscript/fileName/TMP_SpriteGlyph.cs: 52a9bbe662618c4a5697bdefcba63d59 -> cb4cdca5a4c6415e4f27ee5280164c41
  custom:scripting/monoscript/fileName/ObsoleteNavigationWindowMenuEntry.cs: c7f73386e6473f401a8e4151cac4e1e5 -> 
  custom:scripting/monoscript/fileName/TMPro_EditorShaderUtilities.cs: 1203fb3feabf58cb81d888055364f838 -> f4cbef9348a73d49f1efb8d10ff07bf0
  custom:scripting/monoscript/fileName/TMP_CharacterPropertyDrawer.cs: 0fc1d1caf2f580e74b2224e6797250e4 -> ddc6f8909fdac3de9238e9b86e411c3e
  custom:scripting/monoscript/fileName/TMP_FontAssetEditor.cs: ff94a59ea0ba0aa81aa8a7f307f2efd3 -> e359b61135381f6b1d7b8c7e97a930f3
  custom:scripting/monoscript/fileName/Messenger.cs: e5d3a13331933d43889756e46bbd2d7d -> f4ebc46d09b2b4de489946914db2aae0
  custom:scripting/monoscript/fileName/TMP_FontAsset_CreationMenu.cs: 18345b423cea91a35f20f73f48aee7e1 -> 1c5caeb31a0df734411a201aca87cb03
  custom:scripting/monoscript/fileName/SystemConvertersEditor.cs: c127c1335f24b77ca70195bf2136c6a2 -> 
  custom:scripting/monoscript/fileName/GUIDProvider.cs: c6d1a4223e4b01318abc3c2150626c6a -> e95f79fad3d1354cc56eebd7db9ee6a3
  custom:scripting/monoscript/fileName/TMP_CoroutineTween.cs: d4d869f6662b40274a62453f83c8a425 -> 76849b8d6d4ce499ad8ffee762e4a4af
  custom:scripting/monoscript/fileName/TMP_ScrollbarEventHandler.cs: 55de10d862075cd935d8381c309f39e0 -> c015e39b5a3f1a14518ce039f30e10af
  custom:scripting/monoscript/fileName/GlyphMetricsPropertyDrawer.cs: dd0833870bcea17556e6d67c750c6ffc -> 438b07e6eae795dab04c32f51ac4e752
  custom:scripting/monoscript/fileName/TMP_ObjectPool.cs: 8f6297df34271fdb1ce2d9607ec6261d -> 90647cc400823b41df847a6cbfc29026
  custom:scripting/monoscript/fileName/InitializeConverterContext.cs: a97e19589a5774cdc2a34a28caea355f -> 
  custom:scripting/monoscript/fileName/TMP_SpriteAnimator.cs: 126f1482d1430ed8648c2a6d8d693c6d -> bf3a797c3a059d3698e93e0031d7f11c
  custom:scripting/monoscript/fileName/NavMeshComponentsGUIUtility.cs: 08c52049b94db52661003d42fda4ecff -> 
  custom:scripting/monoscript/fileName/TMP_FontAssetUtilities.cs: d84a52975d941e769af4ae15b3aaa211 -> 5b7a9bc9c5c56e3cb5ccc808a2bdd9e4
  custom:scripting/monoscript/fileName/NavMeshModifierEditor.cs: b8675d28116f43f78881455a7301fe8c -> 
  custom:scripting/monoscript/fileName/UsageUtility.cs: 8b1af87d43264a213340a26d31d1dfd4 -> 5ed3d13206b2b96245ce59a5c83beed1
  custom:scripting/monoscript/fileName/SystemConverter.cs: c748d1769fc66e95256254a1cc1497f3 -> 
  custom:container-muxer-webm: aa71ff27fc2769a1b78a27578f13a17b -> 
  custom:scripting/monoscript/fileName/TMP_TextProcessingStack.cs: ef8795fce16f80562f220a2f8bcb6bd2 -> 6146dd1b7f9b90aa342ef9794e387c23
  custom:scripting/monoscript/fileName/ProcessRunner.cs: 091011eda0e59a4b13abcb3f2a437c71 -> 932a2a80cb9a3539199f645deff3c585
  custom:scripting/monoscript/fileName/TMP_InputValidator.cs: e99335724872b7fcd0e5352c682debe0 -> 5e0d679d98dae60baa87977011e0ed51
  custom:scripting/monoscript/fileName/TMP_UIStyleManager.cs: f54fffa86b286da3a3329c601ca8d03e -> 66d96f3fa9ea14a5a6ed3f92d3bbe0f1
  custom:scripting/monoscript/fileName/TMP_SelectionCaret.cs: ed141b1915a10b9c7ff9136666b54ee9 -> d2a06fefe973175bffa10d62f788c481
  custom:scripting/monoscript/fileName/TMP_DefaultControls.cs: 1798ee96b3c83cf7d4cea690bb04976a -> 2673e29173eb9307fa53ee17c15332ed
