[Licensing::Module] Trying to connect to existing licensing client channel...
Built from '6000.3/staging' branch; Version is '6000.3.0f1 (d1870ce95baf) revision 13731596'; Using compiler version '194234433'; Build Type 'Release'
OS: 'Windows 11  (10.0.26200) 64bit Professional' Language: 'es' Physical Memory: 16085 MB
BatchMode: 1, IsHumanControllingUs: 0, StartBugReporterOnCrash: 0, Is64bit: 1
[Licensing::IpcConnector] Successfully connected to: "LicenseClient-irofe" at "2025-12-05T11:05:27.077319Z"
Date: 2025-12-05T11:05:27Z

COMMAND LINE ARGUMENTS:
D:\Work\Unity\Hub\Editor\6000.3.0f1\Editor\Unity.exe
-adb2
-batchMode
-noUpm
-name
AssetImportWorker0
-projectPath
D:/Work/Unity/Hub/Projects/DnD5e
-logFile
Logs/AssetImportWorker0.log
-srvPort
50815
-licensingIpc
LicenseClient-irofe
-job-worker-count
5
-background-job-worker-count
8
-gc-helper-count
1
-name
AssetImport
Successfully changed project path to: D:/Work/Unity/Hub/Projects/DnD5e
D:/Work/Unity/Hub/Projects/DnD5e
[UnityMemory] Configuration Parameters - Can be set up in boot.config
    "memorysetup-temp-allocator-size-nav-mesh-worker=65536"
    "memorysetup-temp-allocator-size-audio-worker=65536"
    "memorysetup-temp-allocator-size-gfx=262144"
    "memorysetup-allocator-temp-initial-block-size-main=262144"
    "memorysetup-allocator-temp-initial-block-size-worker=262144"
    "memorysetup-temp-allocator-size-background-worker=32768"
    "memorysetup-temp-allocator-size-job-worker=262144"
    "memorysetup-temp-allocator-size-preload-manager=33554432"
    "memorysetup-temp-allocator-size-gi-baking-worker=262144"
    "memorysetup-temp-allocator-size-gi-baking-worker=262144"
    "memorysetup-temp-allocator-size-gi-baking-worker=262144"
    "memorysetup-temp-allocator-size-gi-baking-worker=262144"
    "memorysetup-temp-allocator-size-gi-baking-worker=262144"
    "memorysetup-bucket-allocator-granularity=16"
    "memorysetup-bucket-allocator-bucket-count=8"
    "memorysetup-bucket-allocator-block-size=33554432"
    "memorysetup-bucket-allocator-block-count=8"
    "memorysetup-main-allocator-block-size=16777216"
    "memorysetup-thread-allocator-block-size=16777216"
    "memorysetup-gfx-main-allocator-block-size=16777216"
    "memorysetup-gfx-thread-allocator-block-size=16777216"
    "memorysetup-cache-allocator-block-size=4194304"
    "memorysetup-typetree-allocator-block-size=2097152"
    "memorysetup-profiler-bucket-allocator-granularity=16"
    "memorysetup-profiler-bucket-allocator-bucket-count=8"
    "memorysetup-profiler-bucket-allocator-block-size=33554432"
    "memorysetup-profiler-bucket-allocator-block-count=8"
    "memorysetup-profiler-allocator-block-size=16777216"
    "memorysetup-profiler-editor-allocator-block-size=1048576"
    "memorysetup-temp-allocator-size-main=16777216"
    "memorysetup-job-temp-allocator-block-size=2097152"
    "memorysetup-job-temp-allocator-block-size-background=1048576"
    "memorysetup-job-temp-allocator-reduction-small-platforms=262144"
    "memorysetup-temp-allocator-size-cloud-worker=32768"
Player connection [25748]  Target information:

Player connection [25748]  * "[IP] 192.168.1.136 [Port] 0 [Flags] 2 [Guid] 2214425570 [EditorId] 2214425570 [Version] 1048832 [Id] WindowsEditor(7,Dimitri-Laptop) [Debug] 1 [PackageName] WindowsEditor [ProjectName] Editor" 

Player connection [25748]  * "[IP] 172.18.64.1 [Port] 0 [Flags] 2 [Guid] 2214425570 [EditorId] 2214425570 [Version] 1048832 [Id] WindowsEditor(7,Dimitri-Laptop) [Debug] 1 [PackageName] WindowsEditor [ProjectName] Editor" 

Player connection [25748]  * "[IP] 10.5.0.2 [Port] 0 [Flags] 2 [Guid] 2214425570 [EditorId] 2214425570 [Version] 1048832 [Id] WindowsEditor(7,Dimitri-Laptop) [Debug] 1 [PackageName] WindowsEditor [ProjectName] Editor" 

Player connection [25748] Host joined multi-casting on [225.0.0.222:54997]...
Player connection [25748] Host joined alternative multi-casting on [225.0.0.222:34997]...
JobSystem: Creating JobQueue using job-worker-count value 5
Input System module state changed to: Initialized.
[Physics::Module] Initialized fallback backend.
[Physics::Module] Id: 0xdecafbad
Library Redirect Path: Library/
[Physics::Module] Selected backend.
[Physics::Module] Name: PhysX
[Physics::Module] Id: 0xf2b8ea05
[Physics::Module] SDK Version: 4.1.2
[Physics::Module] Integration Version: 1.0.0
[Physics::Module] Threading Mode: Multi-Threaded
Refreshing native plugins compatible for Editor in 0.58 ms, found 0 plugins.
Preloading 0 native plugins for Editor in 0.00 ms.
Initialize engine version: 6000.3.0f1 (d1870ce95baf)
[Subsystems] Discovering subsystems at path D:/Work/Unity/Hub/Editor/6000.3.0f1/Editor/Data/Resources/UnitySubsystems
[Subsystems] Discovering subsystems at path D:/Work/Unity/Hub/Projects/DnD5e/Assets
GfxDevice: creating device client; kGfxThreadingModeNonThreaded
Direct3D:
    Version:  Direct3D 11.0 [level 11.1]
    Renderer: NVIDIA GeForce RTX 3050 Laptop GPU (ID=0x25a5)
    Vendor:   NVIDIA
    VRAM:     3964 MB
    Driver:   32.0.15.8157
Initialize mono
Mono path[0] = 'D:/Work/Unity/Hub/Editor/6000.3.0f1/Editor/Data/Managed'
Mono path[1] = 'D:/Work/Unity/Hub/Editor/6000.3.0f1/Editor/Data/MonoBleedingEdge/lib/mono/unityjit-win32'
Mono config path = 'D:/Work/Unity/Hub/Editor/6000.3.0f1/Editor/Data/MonoBleedingEdge/etc'
Using monoOptions --debugger-agent=transport=dt_socket,embedding=1,server=y,suspend=n,address=127.0.0.1:56824
Begin MonoManager ReloadAssembly
Registering precompiled unity dll's ...
Register platform support module: D:/Work/Unity/Hub/Editor/6000.3.0f1/Editor/Data/PlaybackEngines/WebGLSupport/UnityEditor.WebGL.Extensions.dll
Register platform support module: D:/Work/Unity/Hub/Editor/6000.3.0f1/Editor/Data/PlaybackEngines/WindowsStandaloneSupport/UnityEditor.WindowsStandalone.Extensions.dll
Registered in 0.002306 seconds.
- Loaded All Assemblies, in  0.581 seconds
Native extension for WindowsStandalone target not found
Native extension for WebGL target not found
Mono: successfully reloaded assembly
- Finished resetting the current domain, in  0.742 seconds
Domain Reload Profiling: 1323ms
	BeginReloadAssembly (151ms)
		ExecutionOrderSort (0ms)
		DisableScriptedObjects (0ms)
		BackupInstance (0ms)
		ReleaseScriptingObjects (0ms)
		CreateAndSetChildDomain (1ms)
	RebuildCommonClasses (52ms)
	RebuildNativeTypeToScriptingClass (23ms)
	initialDomainReloadingComplete (77ms)
	LoadAllAssembliesAndSetupDomain (276ms)
		LoadAssemblies (151ms)
		RebuildTransferFunctionScriptingTraits (0ms)
		AnalyzeDomain (269ms)
			TypeCache.Refresh (267ms)
				TypeCache.ScanAssembly (246ms)
			BuildScriptInfoCaches (0ms)
			ResolveRequiredComponents (1ms)
	FinalizeReload (743ms)
		ReleaseScriptCaches (0ms)
		RebuildScriptCaches (0ms)
		SetupLoadedEditorAssemblies (679ms)
			LogAssemblyErrors (0ms)
			InitializePlatformSupportModulesInManaged (81ms)
			SetLoadedEditorAssemblies (9ms)
			BeforeProcessingInitializeOnLoad (165ms)
			ProcessInitializeOnLoadAttributes (280ms)
			ProcessInitializeOnLoadMethodAttributes (143ms)
			AfterProcessingInitializeOnLoad (0ms)
			EditorAssembliesLoaded (0ms)
		ExecutionOrderSort2 (0ms)
		AwakeInstancesAfterBackupRestoration (0ms)
========================================================================
Worker process is ready to serve import requests
Import Worker Mode flag is 0x00
Begin MonoManager ReloadAssembly
[Licensing::Module] Licensing is not yet initialized.
[Licensing::Client] Error: HandshakeResponse reported an error:
	ResponseCode: 505
	ResponseStatus: Unsupported protocol version '1.17.4'.
[Licensing::Module] Error: Failed to handshake to channel: "LicenseClient-irofe"
[Licensing::IpcConnector] LicenseClient-irofe channel disconnected successfully.
[Licensing::IpcConnector] Successfully connected to: "LicenseClient-irofe-6000.3.0" at "2025-12-05T11:05:30.1741462Z"
[Licensing::Client] Handshaking with LicensingClient:
  Version:                 1.17.4+4293ba1
  Session Id:              383092f4895b48debf3bf4fccf9de9f0
  Correlation Id:          bb2ac487cff8b02a68f4202756751ae5
  External correlation Id: 4967410711460767718
  Machine Id:              84A2lSFXLCt0cI8pnA3BtMsQEv0=
[Licensing::Module] Successfully connected to LicensingClient on channel: "LicenseClient-irofe-6000.3.0" (connect: 0.00s, validation: 0.00s, handshake: 2.17s)
[Licensing::IpcConnector] Successfully connected to: "LicenseClient-irofe-6000.3.0-notifications" at "2025-12-05T11:05:32.3500538Z"
[Licensing::Module] Licensing Background thread has ended after 5.27s
[Licensing::Module] Licensing is initialized (took 2.86s).
[Licensing::Client] Successfully resolved entitlement details
[Licensing::Module] License group:
  Id: 6400872-UnityPersXXXX
  Product: Unity Personal
  Type: Assigned
  Expiration: Unlimited
Symbol file data-0000028A1C470F40 doesn't match image D:\Work\Unity\Hub\Projects\DnD5e\Assets\Plugins\Sirenix\Assemblies\Sirenix.OdinInspector.Editor.dll
Symbol file LoadedFromMemory is not a mono symbol file
Symbol file LoadedFromMemory is not a mono symbol file
- Loaded All Assemblies, in  3.522 seconds
Refreshing native plugins compatible for Editor in 0.36 ms, found 0 plugins.
Native extension for WindowsStandalone target not found
Native extension for WebGL target not found
Launched and connected shader compiler UnityShaderCompiler.exe after 0.02 seconds
Mono: successfully reloaded assembly
- Finished resetting the current domain, in  1.179 seconds
Domain Reload Profiling: 4701ms
	BeginReloadAssembly (3052ms)
		ExecutionOrderSort (0ms)
		DisableScriptedObjects (7ms)
		BackupInstance (0ms)
		ReleaseScriptingObjects (0ms)
		CreateAndSetChildDomain (40ms)
	RebuildCommonClasses (44ms)
	RebuildNativeTypeToScriptingClass (15ms)
	initialDomainReloadingComplete (39ms)
	LoadAllAssembliesAndSetupDomain (372ms)
		LoadAssemblies (320ms)
		RebuildTransferFunctionScriptingTraits (0ms)
		AnalyzeDomain (145ms)
			TypeCache.Refresh (116ms)
				TypeCache.ScanAssembly (99ms)
			BuildScriptInfoCaches (24ms)
			ResolveRequiredComponents (3ms)
	FinalizeReload (1179ms)
		ReleaseScriptCaches (0ms)
		RebuildScriptCaches (0ms)
		SetupLoadedEditorAssemblies (1057ms)
			LogAssemblyErrors (0ms)
			InitializePlatformSupportModulesInManaged (2ms)
			SetLoadedEditorAssemblies (5ms)
			BeforeProcessingInitializeOnLoad (216ms)
			ProcessInitializeOnLoadAttributes (405ms)
			ProcessInitializeOnLoadMethodAttributes (426ms)
			AfterProcessingInitializeOnLoad (2ms)
			EditorAssembliesLoaded (0ms)
		ExecutionOrderSort2 (0ms)
		AwakeInstancesAfterBackupRestoration (8ms)
Refreshing native plugins compatible for Editor in 0.52 ms, found 0 plugins.
Preloading 0 native plugins for Editor in 0.00 ms.
Unloading 0 Unused Serialized files (Serialized files now loaded: 0)
Unloading 2307 unused Assets / (0.7 MB). Loaded Objects now: 2964.
Memory consumption went from 90.6 MB to 89.9 MB.
Total: 21.227500 ms (FindLiveObjects: 0.320700 ms CreateObjectMapping: 0.137100 ms MarkObjects: 19.630700 ms  DeleteObjects: 1.137000 ms)

========================================================================
Received Import Request.
  Time since last request: 174172.972038 seconds.
  path: Assets/AddressableAssetsData/AssetGroupTemplates/Packed Assets.asset
  artifactKey: Guid(76324eb49b97ffd479e8e3f03f8cc7a1) Importer(2089858483,d624ce77472d68a35037170ec1d2d27e)
Start importing Assets/AddressableAssetsData/AssetGroupTemplates/Packed Assets.asset using Guid(76324eb49b97ffd479e8e3f03f8cc7a1) Importer(2089858483,d624ce77472d68a35037170ec1d2d27e) (ScriptedImporter) -> (artifact id: '842ed19724967e34ffbcd0842c677cbc') in 0.174871 seconds
Number of updated asset objects reloaded before import = 0Number of asset objects unloaded after import = 1

========================================================================
Received Import Request.
  Time since last request: 0.000019 seconds.
  path: Assets/Plugins/Sirenix/Readme.txt
  artifactKey: Guid(e957a9e8b4f4bce4b8a34e504a8c39d7) Importer(2089858483,d624ce77472d68a35037170ec1d2d27e)
Start importing Assets/Plugins/Sirenix/Readme.txt using Guid(e957a9e8b4f4bce4b8a34e504a8c39d7) Importer(2089858483,d624ce77472d68a35037170ec1d2d27e) (ScriptedImporter) -> (artifact id: 'daa45416652615068194e35463f937b0') in 0.0222716 seconds
Number of updated asset objects reloaded before import = 0Number of asset objects unloaded after import = 1

========================================================================
Received Import Request.
  Time since last request: 0.000052 seconds.
  path: Assets/ScriptableObjects/Races/6_DragonBorn.asset
  artifactKey: Guid(33c8e5aa785e652409c99b9554465b10) Importer(2089858483,d624ce77472d68a35037170ec1d2d27e)
Start importing Assets/ScriptableObjects/Races/6_DragonBorn.asset using Guid(33c8e5aa785e652409c99b9554465b10) Importer(2089858483,d624ce77472d68a35037170ec1d2d27e) (ScriptedImporter) -> (artifact id: '5fa74da06d62fd2855833423a68695e7') in 0.0399926 seconds
Number of updated asset objects reloaded before import = 0Number of asset objects unloaded after import = 1

========================================================================
Received Import Request.
  Time since last request: 0.000048 seconds.
  path: Assets/AddressableAssetsData/AssetGroups/Localization-String-Tables-Spanish (Spain) (es-ES).asset
  artifactKey: Guid(753932fda16885742bd9b4fc3637dc86) Importer(2089858483,d624ce77472d68a35037170ec1d2d27e)
Start importing Assets/AddressableAssetsData/AssetGroups/Localization-String-Tables-Spanish (Spain) (es-ES).asset using Guid(753932fda16885742bd9b4fc3637dc86) Importer(2089858483,d624ce77472d68a35037170ec1d2d27e) (ScriptedImporter) -> (artifact id: 'd2d5de0adb6dcc735252162698bd59c6') in 0.0173705 seconds
Number of updated asset objects reloaded before import = 0Number of asset objects unloaded after import = 1

========================================================================
Received Import Request.
  Time since last request: 0.000050 seconds.
  path: Assets/Scripts/Runtime/Language.cs
  artifactKey: Guid(0169a7cccda050e4cadf056713f5f362) Importer(2089858483,d624ce77472d68a35037170ec1d2d27e)
Start importing Assets/Scripts/Runtime/Language.cs using Guid(0169a7cccda050e4cadf056713f5f362) Importer(2089858483,d624ce77472d68a35037170ec1d2d27e) (ScriptedImporter) -> (artifact id: '2701938b4cd141e9a2c8a052201db07a') in 0.0208691 seconds
Number of updated asset objects reloaded before import = 0Number of asset objects unloaded after import = 0

========================================================================
Received Import Request.
  Time since last request: 0.000116 seconds.
  path: Assets/Readme.asset
  artifactKey: Guid(83c2ed844a8c74b779a4c823d16594b1) Importer(2089858483,d624ce77472d68a35037170ec1d2d27e)
Start importing Assets/Readme.asset using Guid(83c2ed844a8c74b779a4c823d16594b1) Importer(2089858483,d624ce77472d68a35037170ec1d2d27e) (ScriptedImporter) -> (artifact id: 'ecc548ae752a1dd9768460066116d95b') in 0.0122608 seconds
Number of updated asset objects reloaded before import = 0Number of asset objects unloaded after import = 1

========================================================================
Received Import Request.
  Time since last request: 0.000053 seconds.
  path: Assets/AddressableAssetsData/AssetGroups/Schemas/Localization-Assets-Shared_ContentUpdateGroupSchema.asset
  artifactKey: Guid(79684d510e4776848b0d94ec596d2f3e) Importer(2089858483,d624ce77472d68a35037170ec1d2d27e)
Start importing Assets/AddressableAssetsData/AssetGroups/Schemas/Localization-Assets-Shared_ContentUpdateGroupSchema.asset using Guid(79684d510e4776848b0d94ec596d2f3e) Importer(2089858483,d624ce77472d68a35037170ec1d2d27e) (ScriptedImporter) -> (artifact id: '13f0c51466f0106d1ee062a3bdf5caea') in 0.0163683 seconds
Number of updated asset objects reloaded before import = 0Number of asset objects unloaded after import = 1

========================================================================
Received Import Request.
  Time since last request: 0.000022 seconds.
  path: Assets/Plugins/Sirenix/Assemblies/Sirenix.Utilities.Editor.xml
  artifactKey: Guid(5c65184932ff4fd48a343e236025096f) Importer(2089858483,d624ce77472d68a35037170ec1d2d27e)
Start importing Assets/Plugins/Sirenix/Assemblies/Sirenix.Utilities.Editor.xml using Guid(5c65184932ff4fd48a343e236025096f) Importer(2089858483,d624ce77472d68a35037170ec1d2d27e) (ScriptedImporter) -> (artifact id: '270cfb7c9f33766c11f1135677792b04') in 0.0245117 seconds
Number of updated asset objects reloaded before import = 0Number of asset objects unloaded after import = 1

========================================================================
Received Import Request.
  Time since last request: 0.000026 seconds.
  path: Assets/AddressableAssetsData/AssetGroups/Schemas/Localization-Locales_ContentUpdateGroupSchema.asset
  artifactKey: Guid(15e9e5f047d9966438d73bbb85792b7d) Importer(2089858483,d624ce77472d68a35037170ec1d2d27e)
Start importing Assets/AddressableAssetsData/AssetGroups/Schemas/Localization-Locales_ContentUpdateGroupSchema.asset using Guid(15e9e5f047d9966438d73bbb85792b7d) Importer(2089858483,d624ce77472d68a35037170ec1d2d27e) (ScriptedImporter) -> (artifact id: '090aef0d76ef3b4ca78823e5c015a108') in 0.0151495 seconds
Number of updated asset objects reloaded before import = 0Number of asset objects unloaded after import = 1

========================================================================
Received Import Request.
  Time since last request: 0.000062 seconds.
  path: Assets/AddressableAssetsData/AssetGroups/Schemas/Localization-Locales_BundledAssetGroupSchema.asset
  artifactKey: Guid(39662a1fad9052f468e586f2b3b0045e) Importer(2089858483,d624ce77472d68a35037170ec1d2d27e)
Start importing Assets/AddressableAssetsData/AssetGroups/Schemas/Localization-Locales_BundledAssetGroupSchema.asset using Guid(39662a1fad9052f468e586f2b3b0045e) Importer(2089858483,d624ce77472d68a35037170ec1d2d27e) (ScriptedImporter) -> (artifact id: '89b6eb9a6d5bbb7a331cf3d4988cce0a') in 0.0225041 seconds
Number of updated asset objects reloaded before import = 0Number of asset objects unloaded after import = 1

========================================================================
Received Import Request.
  Time since last request: 0.000018 seconds.
  path: Assets/AddressableAssetsData/AssetGroups/Localization-String-Tables-English (en).asset
  artifactKey: Guid(eee0bada98f21ba4792b3da1f2c5872d) Importer(2089858483,d624ce77472d68a35037170ec1d2d27e)
Start importing Assets/AddressableAssetsData/AssetGroups/Localization-String-Tables-English (en).asset using Guid(eee0bada98f21ba4792b3da1f2c5872d) Importer(2089858483,d624ce77472d68a35037170ec1d2d27e) (ScriptedImporter) -> (artifact id: '9adaedde685912670d9f669274bb7521') in 0.0126245 seconds
Number of updated asset objects reloaded before import = 0Number of asset objects unloaded after import = 1

========================================================================
Received Import Request.
  Time since last request: 0.000063 seconds.
  path: Assets/Plugins/Sirenix/Assemblies/Sirenix.Serialization.xml
  artifactKey: Guid(5f3147f7af4c49739579b966c458096f) Importer(2089858483,d624ce77472d68a35037170ec1d2d27e)
Start importing Assets/Plugins/Sirenix/Assemblies/Sirenix.Serialization.xml using Guid(5f3147f7af4c49739579b966c458096f) Importer(2089858483,d624ce77472d68a35037170ec1d2d27e) (ScriptedImporter) -> (artifact id: '6b97eaeeae292e483724016fa31c3168') in 0.0239324 seconds
Number of updated asset objects reloaded before import = 0Number of asset objects unloaded after import = 1

========================================================================
Received Import Request.
  Time since last request: 0.000038 seconds.
  path: Assets/Presets/AudioStreaming.preset
  artifactKey: Guid(86bcce7f5575b54408aa0f3a7d321039) Importer(2089858483,d624ce77472d68a35037170ec1d2d27e)
Start importing Assets/Presets/AudioStreaming.preset using Guid(86bcce7f5575b54408aa0f3a7d321039) Importer(2089858483,d624ce77472d68a35037170ec1d2d27e) (ScriptedImporter) -> (artifact id: 'd13097890311a49e1d1a3ae47358a784') in 0.0158044 seconds
Number of updated asset objects reloaded before import = 0Number of asset objects unloaded after import = 1

========================================================================
Received Import Request.
  Time since last request: 0.000018 seconds.
  path: Assets/Plugins/Sirenix/Assemblies/Sirenix.OdinInspector.Editor.dll
  artifactKey: Guid(a4865f1ab4504ed8a368670db22f409c) Importer(2089858483,d624ce77472d68a35037170ec1d2d27e)
Start importing Assets/Plugins/Sirenix/Assemblies/Sirenix.OdinInspector.Editor.dll using Guid(a4865f1ab4504ed8a368670db22f409c) Importer(2089858483,d624ce77472d68a35037170ec1d2d27e) (ScriptedImporter) -> (artifact id: 'e3ea77f05c67aea5e27a29b5b493550c') in 0.0622099 seconds
Number of updated asset objects reloaded before import = 0Number of asset objects unloaded after import = 0

========================================================================
Received Import Request.
  Time since last request: 0.000107 seconds.
  path: Assets/Plugins/Sirenix/Demos/Editor Windows.unitypackage
  artifactKey: Guid(ed09910c0094cb27be8f3ca264680da3) Importer(2089858483,d624ce77472d68a35037170ec1d2d27e)
Start importing Assets/Plugins/Sirenix/Demos/Editor Windows.unitypackage using Guid(ed09910c0094cb27be8f3ca264680da3) Importer(2089858483,d624ce77472d68a35037170ec1d2d27e) (ScriptedImporter) -> (artifact id: 'a43945097a173eab6d3a856a7fe72dff') in 0.014604 seconds
Number of updated asset objects reloaded before import = 0Number of asset objects unloaded after import = 1

========================================================================
Received Import Request.
  Time since last request: 0.000083 seconds.
  path: Assets/Plugins/Localization/Table Collections/Races/Races.asset
  artifactKey: Guid(6a30af07256383044a981b25ee9e3246) Importer(2089858483,d624ce77472d68a35037170ec1d2d27e)
Start importing Assets/Plugins/Localization/Table Collections/Races/Races.asset using Guid(6a30af07256383044a981b25ee9e3246) Importer(2089858483,d624ce77472d68a35037170ec1d2d27e) (ScriptedImporter) -> (artifact id: 'fa60b89402c8aef78f3dc3b87ddaba69') in 0.0198188 seconds
Number of updated asset objects reloaded before import = 0Number of asset objects unloaded after import = 2

========================================================================
Received Import Request.
  Time since last request: 0.000060 seconds.
  path: Assets/Plugins/Localization/Table Collections/Spells/Spells.asset
  artifactKey: Guid(90880ddf0aca633448d4b39befb17ef6) Importer(2089858483,d624ce77472d68a35037170ec1d2d27e)
Start importing Assets/Plugins/Localization/Table Collections/Spells/Spells.asset using Guid(90880ddf0aca633448d4b39befb17ef6) Importer(2089858483,d624ce77472d68a35037170ec1d2d27e) (ScriptedImporter) -> (artifact id: '0de51c707dfeac9eb3604ff4d47beb06') in 0.0152544 seconds
Number of updated asset objects reloaded before import = 0Number of asset objects unloaded after import = 2

========================================================================
Received Import Request.
  Time since last request: 0.000021 seconds.
  path: Assets/Plugins/Sirenix/Odin Inspector/Modules/Unity.Addressables/Validators/DisallowAddressableSubAssetFieldAttributeValidator.cs
  artifactKey: Guid(5775d33ffc1143149c4f425f693b04b6) Importer(2089858483,d624ce77472d68a35037170ec1d2d27e)
Start importing Assets/Plugins/Sirenix/Odin Inspector/Modules/Unity.Addressables/Validators/DisallowAddressableSubAssetFieldAttributeValidator.cs using Guid(5775d33ffc1143149c4f425f693b04b6) Importer(2089858483,d624ce77472d68a35037170ec1d2d27e) (ScriptedImporter) -> (artifact id: '3db240025333488336034c1716fdac84') in 0.0135305 seconds
Number of updated asset objects reloaded before import = 0Number of asset objects unloaded after import = 0

========================================================================
Received Import Request.
  Time since last request: 0.000193 seconds.
  path: Assets/Plugins/Localization/Table Collections/Spells/Spells_es-ES.asset
  artifactKey: Guid(6b1f790cb028d5846a3f357727ba3c08) Importer(2089858483,d624ce77472d68a35037170ec1d2d27e)
Start importing Assets/Plugins/Localization/Table Collections/Spells/Spells_es-ES.asset using Guid(6b1f790cb028d5846a3f357727ba3c08) Importer(2089858483,d624ce77472d68a35037170ec1d2d27e) (ScriptedImporter) -> (artifact id: 'c672a348164ad2596ed366fbac2e897e') in 0.0194196 seconds
Number of updated asset objects reloaded before import = 0Number of asset objects unloaded after import = 2

========================================================================
Received Import Request.
  Time since last request: 0.000020 seconds.
  path: Assets/Plugins/Localization/Table Collections/Spells/Spells_en.asset
  artifactKey: Guid(90f3e6cbb13d1994ebca0cd167ab2b55) Importer(2089858483,d624ce77472d68a35037170ec1d2d27e)
Start importing Assets/Plugins/Localization/Table Collections/Spells/Spells_en.asset using Guid(90f3e6cbb13d1994ebca0cd167ab2b55) Importer(2089858483,d624ce77472d68a35037170ec1d2d27e) (ScriptedImporter) -> (artifact id: '35abdbc2b1b2a55d0c2a0e96182eb52b') in 0.0135316 seconds
Number of updated asset objects reloaded before import = 0Number of asset objects unloaded after import = 2

========================================================================
Received Import Request.
  Time since last request: 0.000019 seconds.
  path: Assets/Plugins/Localization/Table Collections/Languages/Languages Shared Data.asset
  artifactKey: Guid(85fdec4f31c8c34429cc09344a30cafc) Importer(2089858483,d624ce77472d68a35037170ec1d2d27e)
Start importing Assets/Plugins/Localization/Table Collections/Languages/Languages Shared Data.asset using Guid(85fdec4f31c8c34429cc09344a30cafc) Importer(2089858483,d624ce77472d68a35037170ec1d2d27e) (ScriptedImporter) -> (artifact id: '41ab7f70900c4752227080e94f80004e') in 0.0299634 seconds
Number of updated asset objects reloaded before import = 0Number of asset objects unloaded after import = 1

========================================================================
Received Import Request.
  Time since last request: 0.000020 seconds.
  path: Assets/ScriptableObjects/Languages/4_Elvish.asset
  artifactKey: Guid(16614032ec7fe1942a81cd3e2a75381a) Importer(2089858483,d624ce77472d68a35037170ec1d2d27e)
Start importing Assets/ScriptableObjects/Languages/4_Elvish.asset using Guid(16614032ec7fe1942a81cd3e2a75381a) Importer(2089858483,d624ce77472d68a35037170ec1d2d27e) (ScriptedImporter) -> (artifact id: 'c4af162950b9c0513f91014408908e6a') in 0.0200642 seconds
Number of updated asset objects reloaded before import = 0Number of asset objects unloaded after import = 1

========================================================================
Received Import Request.
  Time since last request: 0.000022 seconds.
  path: Assets/ScriptableObjects/Spells/0_Friends.asset
  artifactKey: Guid(03c0a598428147b45a75c83a12b51c69) Importer(2089858483,d624ce77472d68a35037170ec1d2d27e)
Start importing Assets/ScriptableObjects/Spells/0_Friends.asset using Guid(03c0a598428147b45a75c83a12b51c69) Importer(2089858483,d624ce77472d68a35037170ec1d2d27e) (ScriptedImporter) -> (artifact id: '735c7c815f026c1d8cccead0b5c4edc5') in 0.0224714 seconds
Number of updated asset objects reloaded before import = 0Number of asset objects unloaded after import = 1

========================================================================
Received Import Request.
  Time since last request: 0.000021 seconds.
  path: Assets/ScriptableObjects/Races/21_Tiefling.asset
  artifactKey: Guid(d2e38422bb7b0a544ad9be0fcfad1981) Importer(2089858483,d624ce77472d68a35037170ec1d2d27e)
Start importing Assets/ScriptableObjects/Races/21_Tiefling.asset using Guid(d2e38422bb7b0a544ad9be0fcfad1981) Importer(2089858483,d624ce77472d68a35037170ec1d2d27e) (ScriptedImporter) -> (artifact id: '8786335cfb4a25b1d90eae8cc6cdfe5f') in 0.0126299 seconds
Number of updated asset objects reloaded before import = 0Number of asset objects unloaded after import = 1

========================================================================
Received Import Request.
  Time since last request: 0.000021 seconds.
  path: Assets/Plugins/Sirenix/Odin Inspector/Modules/Unity.Addressables/Validators/CheckResourcesToAddressableDuplicateDependenciesValidator.cs
  artifactKey: Guid(f75aebe03a9aa4a4b82d2b54dcc34de5) Importer(2089858483,d624ce77472d68a35037170ec1d2d27e)
Start importing Assets/Plugins/Sirenix/Odin Inspector/Modules/Unity.Addressables/Validators/CheckResourcesToAddressableDuplicateDependenciesValidator.cs using Guid(f75aebe03a9aa4a4b82d2b54dcc34de5) Importer(2089858483,d624ce77472d68a35037170ec1d2d27e) (ScriptedImporter) -> (artifact id: '58725a80b0667c63195b6ac731306152') in 0.0106219 seconds
Number of updated asset objects reloaded before import = 0Number of asset objects unloaded after import = 0

========================================================================
Received Import Request.
  Time since last request: 0.000093 seconds.
  path: Assets/ScriptableObjects/Languages/3_Draconic.asset
  artifactKey: Guid(957eff29a66ecca459a8bdc4f7df3ed1) Importer(2089858483,d624ce77472d68a35037170ec1d2d27e)
Start importing Assets/ScriptableObjects/Languages/3_Draconic.asset using Guid(957eff29a66ecca459a8bdc4f7df3ed1) Importer(2089858483,d624ce77472d68a35037170ec1d2d27e) (ScriptedImporter) -> (artifact id: 'f3ba47e421758053a118acd017d2389b') in 0.0125342 seconds
Number of updated asset objects reloaded before import = 0Number of asset objects unloaded after import = 1

========================================================================
Received Import Request.
  Time since last request: 0.000025 seconds.
  path: Assets/Plugins/Sirenix/Assemblies/Sirenix.Utilities.dll
  artifactKey: Guid(4873f2a8bdae42baa0406e8a61366ca1) Importer(2089858483,d624ce77472d68a35037170ec1d2d27e)
Start importing Assets/Plugins/Sirenix/Assemblies/Sirenix.Utilities.dll using Guid(4873f2a8bdae42baa0406e8a61366ca1) Importer(2089858483,d624ce77472d68a35037170ec1d2d27e) (ScriptedImporter) -> (artifact id: 'cdc48d6d1124886ab7ca5e54733bc24a') in 0.0136629 seconds
Number of updated asset objects reloaded before import = 0Number of asset objects unloaded after import = 0

========================================================================
Received Import Request.
  Time since last request: 0.000041 seconds.
  path: Assets/Presets/Defaults/DirectionalLight_Default.preset
  artifactKey: Guid(463065d4f17d1d94d848aa127b94dd43) Importer(2089858483,d624ce77472d68a35037170ec1d2d27e)
Start importing Assets/Presets/Defaults/DirectionalLight_Default.preset using Guid(463065d4f17d1d94d848aa127b94dd43) Importer(2089858483,d624ce77472d68a35037170ec1d2d27e) (ScriptedImporter) -> (artifact id: 'f9e06161ae3fc1ed142cfd8c70500dc9') in 0.01388 seconds
Number of updated asset objects reloaded before import = 0Number of asset objects unloaded after import = 1

========================================================================
Received Import Request.
  Time since last request: 0.000021 seconds.
  path: Assets/Plugins/Localization/Locales/English (en).asset
  artifactKey: Guid(8ef3ed6d3ff57d64aa868201bd290fe4) Importer(2089858483,d624ce77472d68a35037170ec1d2d27e)
Start importing Assets/Plugins/Localization/Locales/English (en).asset using Guid(8ef3ed6d3ff57d64aa868201bd290fe4) Importer(2089858483,d624ce77472d68a35037170ec1d2d27e) (ScriptedImporter) -> (artifact id: '521287017467bceee955b75d211ccec2') in 0.0166164 seconds
Number of updated asset objects reloaded before import = 0Number of asset objects unloaded after import = 2

========================================================================
Received Import Request.
  Time since last request: 0.000018 seconds.
  path: Assets/ScriptableObjects/Races/19_Semielf.asset
  artifactKey: Guid(8150890e8d03d4d4aa32a6caff65d42d) Importer(2089858483,d624ce77472d68a35037170ec1d2d27e)
Start importing Assets/ScriptableObjects/Races/19_Semielf.asset using Guid(8150890e8d03d4d4aa32a6caff65d42d) Importer(2089858483,d624ce77472d68a35037170ec1d2d27e) (ScriptedImporter) -> (artifact id: '800a2532d05e2e4a188d7922482cbaae') in 0.0147067 seconds
Number of updated asset objects reloaded before import = 0Number of asset objects unloaded after import = 1

========================================================================
Received Import Request.
  Time since last request: 0.000018 seconds.
  path: Assets/ScriptableObjects/Languages/10_Infernal.asset
  artifactKey: Guid(77ec1608374d9264eb946f6ecc62734a) Importer(2089858483,d624ce77472d68a35037170ec1d2d27e)
Start importing Assets/ScriptableObjects/Languages/10_Infernal.asset using Guid(77ec1608374d9264eb946f6ecc62734a) Importer(2089858483,d624ce77472d68a35037170ec1d2d27e) (ScriptedImporter) -> (artifact id: '037386a89c17ce91bde8341f82586c34') in 0.0161153 seconds
Number of updated asset objects reloaded before import = 0Number of asset objects unloaded after import = 1

========================================================================
Received Import Request.
  Time since last request: 0.000025 seconds.
  path: Assets/Plugins/Sirenix/Assemblies/Sirenix.Utilities.Editor.dll
  artifactKey: Guid(5c65184932ff4fd48a343e2360256baf) Importer(2089858483,d624ce77472d68a35037170ec1d2d27e)
Start importing Assets/Plugins/Sirenix/Assemblies/Sirenix.Utilities.Editor.dll using Guid(5c65184932ff4fd48a343e2360256baf) Importer(2089858483,d624ce77472d68a35037170ec1d2d27e) (ScriptedImporter) -> (artifact id: '35eec416965086dc897c0782294a0e95') in 0.0149427 seconds
Number of updated asset objects reloaded before import = 0Number of asset objects unloaded after import = 0

========================================================================
Received Import Request.
  Time since last request: 0.000087 seconds.
  path: Assets/Scenes/SampleScene.unity
  artifactKey: Guid(9fc0d4010bbf28b4594072e72b8655ab) Importer(2089858483,d624ce77472d68a35037170ec1d2d27e)
Start importing Assets/Scenes/SampleScene.unity using Guid(9fc0d4010bbf28b4594072e72b8655ab) Importer(2089858483,d624ce77472d68a35037170ec1d2d27e) (ScriptedImporter) -> (artifact id: '71be1a4d844a6f50bd83dfc848fc64c8') in 0.0118274 seconds
Number of updated asset objects reloaded before import = 0Number of asset objects unloaded after import = 1

========================================================================
Received Import Request.
  Time since last request: 0.000039 seconds.
  path: Assets/AddressableAssetsData/DataBuilders/BuildScriptPackedMode.asset
  artifactKey: Guid(e5aa1a3377acd324da6ff991f824201f) Importer(2089858483,d624ce77472d68a35037170ec1d2d27e)
Start importing Assets/AddressableAssetsData/DataBuilders/BuildScriptPackedMode.asset using Guid(e5aa1a3377acd324da6ff991f824201f) Importer(2089858483,d624ce77472d68a35037170ec1d2d27e) (ScriptedImporter) -> (artifact id: '91ca78d01d5837d5e720b6633b0c4f8d') in 0.0132561 seconds
Number of updated asset objects reloaded before import = 0Number of asset objects unloaded after import = 1

========================================================================
Received Import Request.
  Time since last request: 0.000018 seconds.
  path: Assets/AddressableAssetsData/DefaultObject.asset
  artifactKey: Guid(f84a8093e9d303a48bcce7f1112da121) Importer(2089858483,d624ce77472d68a35037170ec1d2d27e)
Start importing Assets/AddressableAssetsData/DefaultObject.asset using Guid(f84a8093e9d303a48bcce7f1112da121) Importer(2089858483,d624ce77472d68a35037170ec1d2d27e) (ScriptedImporter) -> (artifact id: '7277fe3dd93e1f28fb92912fbb90c87d') in 0.0135011 seconds
Number of updated asset objects reloaded before import = 0Number of asset objects unloaded after import = 1

========================================================================
Received Import Request.
  Time since last request: 0.000128 seconds.
  path: Assets/Plugins/Sirenix/Assemblies/NoEditor/Sirenix.Utilities.dll
  artifactKey: Guid(5978f8f3dd274e848fbb7a123bde1fb9) Importer(2089858483,d624ce77472d68a35037170ec1d2d27e)
Start importing Assets/Plugins/Sirenix/Assemblies/NoEditor/Sirenix.Utilities.dll using Guid(5978f8f3dd274e848fbb7a123bde1fb9) Importer(2089858483,d624ce77472d68a35037170ec1d2d27e) (ScriptedImporter) -> (artifact id: '2ca2325548dbab795a644dea18253181') in 0.0144873 seconds
Number of updated asset objects reloaded before import = 0Number of asset objects unloaded after import = 0

========================================================================
Received Import Request.
  Time since last request: 0.000055 seconds.
  path: Assets/Plugins/Sirenix/Odin Inspector/Modules/Unity.Localization.data
  artifactKey: Guid(5a1693d73a4f6e34d955789129c71e11) Importer(2089858483,d624ce77472d68a35037170ec1d2d27e)
Start importing Assets/Plugins/Sirenix/Odin Inspector/Modules/Unity.Localization.data using Guid(5a1693d73a4f6e34d955789129c71e11) Importer(2089858483,d624ce77472d68a35037170ec1d2d27e) (ScriptedImporter) -> (artifact id: '6fe41dfeddcf780deeef2317d2d22ed2') in 0.0132517 seconds
Number of updated asset objects reloaded before import = 0Number of asset objects unloaded after import = 1

========================================================================
Received Import Request.
  Time since last request: 0.000056 seconds.
  path: Assets/Plugins/Sirenix/Odin Inspector/Modules/Unity.Addressables/manifest.txt
  artifactKey: Guid(6f5776e711305214abf6499944989701) Importer(2089858483,d624ce77472d68a35037170ec1d2d27e)
Start importing Assets/Plugins/Sirenix/Odin Inspector/Modules/Unity.Addressables/manifest.txt using Guid(6f5776e711305214abf6499944989701) Importer(2089858483,d624ce77472d68a35037170ec1d2d27e) (ScriptedImporter) -> (artifact id: 'bdc8afb8509a915da7ea6d620580bc25') in 0.0194984 seconds
Number of updated asset objects reloaded before import = 0Number of asset objects unloaded after import = 1

========================================================================
Received Import Request.
  Time since last request: 0.000021 seconds.
  path: Assets/Plugins/Sirenix/Odin Inspector/Assets/Editor/SdfIconAtlas.png
  artifactKey: Guid(2a0112a98875dfd488b5d10bdb8a4903) Importer(2089858483,d624ce77472d68a35037170ec1d2d27e)
Start importing Assets/Plugins/Sirenix/Odin Inspector/Assets/Editor/SdfIconAtlas.png using Guid(2a0112a98875dfd488b5d10bdb8a4903) Importer(2089858483,d624ce77472d68a35037170ec1d2d27e) (ScriptedImporter) -> (artifact id: 'ea6822eaa7261515e2fc4c2a143d1b87') in 0.0631256 seconds
Number of updated asset objects reloaded before import = 0Number of asset objects unloaded after import = 1

========================================================================
Received Import Request.
  Time since last request: 0.000025 seconds.
  path: Assets/ScriptableObjects/Languages/11_Undercommon.asset
  artifactKey: Guid(2a063d240f502cc45939b7cebdfcb5dc) Importer(2089858483,d624ce77472d68a35037170ec1d2d27e)
Start importing Assets/ScriptableObjects/Languages/11_Undercommon.asset using Guid(2a063d240f502cc45939b7cebdfcb5dc) Importer(2089858483,d624ce77472d68a35037170ec1d2d27e) (ScriptedImporter) -> (artifact id: '9661ac07157fed09fb24aed5f1947bdd') in 0.0139998 seconds
Number of updated asset objects reloaded before import = 0Number of asset objects unloaded after import = 1

========================================================================
Received Import Request.
  Time since last request: 0.000033 seconds.
  path: Assets/Plugins/Sirenix/Assemblies/Sirenix.OdinInspector.Editor.xml
  artifactKey: Guid(a4865f1ab4504ed8a368670db22f096f) Importer(2089858483,d624ce77472d68a35037170ec1d2d27e)
Start importing Assets/Plugins/Sirenix/Assemblies/Sirenix.OdinInspector.Editor.xml using Guid(a4865f1ab4504ed8a368670db22f096f) Importer(2089858483,d624ce77472d68a35037170ec1d2d27e) (ScriptedImporter) -> (artifact id: '67cc0ef0181911af2443552b067f35b7') in 0.0272372 seconds
Number of updated asset objects reloaded before import = 0Number of asset objects unloaded after import = 1

========================================================================
Received Import Request.
  Time since last request: 0.000021 seconds.
  path: Assets/Plugins/Localization/Table Collections/Languages/Languages_en.asset
  artifactKey: Guid(fd58b1cdf33a45a43a8abb198b4abb93) Importer(2089858483,d624ce77472d68a35037170ec1d2d27e)
Start importing Assets/Plugins/Localization/Table Collections/Languages/Languages_en.asset using Guid(fd58b1cdf33a45a43a8abb198b4abb93) Importer(2089858483,d624ce77472d68a35037170ec1d2d27e) (ScriptedImporter) -> (artifact id: 'e1647faab7b5c9d77d85746d64676097') in 0.0129924 seconds
Number of updated asset objects reloaded before import = 0Number of asset objects unloaded after import = 2

========================================================================
Received Import Request.
  Time since last request: 0.000017 seconds.
  path: Assets/Plugins/Sirenix/Odin Inspector/Modules/Unity.Localization/Editor/Sirenix.OdinInspector.Modules.UnityLocalization.Editor.asmdef
  artifactKey: Guid(3656feb4b010c5941972fb7b3b9eec3e) Importer(2089858483,d624ce77472d68a35037170ec1d2d27e)
Start importing Assets/Plugins/Sirenix/Odin Inspector/Modules/Unity.Localization/Editor/Sirenix.OdinInspector.Modules.UnityLocalization.Editor.asmdef using Guid(3656feb4b010c5941972fb7b3b9eec3e) Importer(2089858483,d624ce77472d68a35037170ec1d2d27e) (ScriptedImporter) -> (artifact id: '2123c79c124d5ddde7f2b7e5b47f6141') in 0.020605 seconds
Number of updated asset objects reloaded before import = 0Number of asset objects unloaded after import = 1

========================================================================
Received Import Request.
  Time since last request: 0.000048 seconds.
  path: Assets/Plugins/Sirenix/Odin Inspector/Modules/Unity.Localization/Runtime/LocalizedStringFormatter.cs
  artifactKey: Guid(93ff93294e9339b40b68190c779d0009) Importer(2089858483,d624ce77472d68a35037170ec1d2d27e)
Start importing Assets/Plugins/Sirenix/Odin Inspector/Modules/Unity.Localization/Runtime/LocalizedStringFormatter.cs using Guid(93ff93294e9339b40b68190c779d0009) Importer(2089858483,d624ce77472d68a35037170ec1d2d27e) (ScriptedImporter) -> (artifact id: 'fd6c9ec5de4ebbe2bdd4f411833530d1') in 0.0137933 seconds
Number of updated asset objects reloaded before import = 0Number of asset objects unloaded after import = 0

========================================================================
Received Import Request.
  Time since last request: 0.000104 seconds.
  path: Assets/Plugins/Sirenix/Assemblies/Sirenix.OdinInspector.Editor.pdb
  artifactKey: Guid(a4865f1ab4504ed8a368670db22f0a6f) Importer(2089858483,d624ce77472d68a35037170ec1d2d27e)
Start importing Assets/Plugins/Sirenix/Assemblies/Sirenix.OdinInspector.Editor.pdb using Guid(a4865f1ab4504ed8a368670db22f0a6f) Importer(2089858483,d624ce77472d68a35037170ec1d2d27e) (ScriptedImporter) -> (artifact id: '20829c1e8757932454b1381b2d3f0457') in 0.0118127 seconds
Number of updated asset objects reloaded before import = 0Number of asset objects unloaded after import = 1

========================================================================
Received Import Request.
  Time since last request: 0.000067 seconds.
  path: Assets/Plugins/Sirenix/Assemblies/Sirenix.Utilities.xml
  artifactKey: Guid(4873f2a8bdae42baa0406e8a6136096f) Importer(2089858483,d624ce77472d68a35037170ec1d2d27e)
Start importing Assets/Plugins/Sirenix/Assemblies/Sirenix.Utilities.xml using Guid(4873f2a8bdae42baa0406e8a6136096f) Importer(2089858483,d624ce77472d68a35037170ec1d2d27e) (ScriptedImporter) -> (artifact id: '7ffa212d4eb4bc386df0ff9241ade2ea') in 0.0235176 seconds
Number of updated asset objects reloaded before import = 0Number of asset objects unloaded after import = 1

========================================================================
Received Prepare
Refreshing native plugins compatible for Editor in 0.33 ms, found 0 plugins.
Preloading 0 native plugins for Editor in 0.00 ms.
Unloading 0 Unused Serialized files (Serialized files now loaded: 0)
Unloading 8 unused Assets / (0 B). Loaded Objects now: 2968.
Memory consumption went from 89.2 MB to 89.2 MB.
Total: 16.259900 ms (FindLiveObjects: 0.193500 ms CreateObjectMapping: 0.082100 ms MarkObjects: 15.918400 ms  DeleteObjects: 0.063500 ms)

Prepare: number of updated asset objects reloaded= 0
========================================================================
Received Prepare
Refreshing native plugins compatible for Editor in 0.31 ms, found 0 plugins.
Preloading 0 native plugins for Editor in 0.00 ms.
Unloading 0 Unused Serialized files (Serialized files now loaded: 0)
Unloading 0 unused Assets / (0 B). Loaded Objects now: 2968.
Memory consumption went from 89.2 MB to 89.2 MB.
Total: 15.411500 ms (FindLiveObjects: 0.252300 ms CreateObjectMapping: 0.076700 ms MarkObjects: 15.070400 ms  DeleteObjects: 0.010800 ms)

Prepare: number of updated asset objects reloaded= 0
