[Licensing::Module] Trying to connect to existing licensing client channel...
Built from '6000.3/staging' branch; Version is '6000.3.0f1 (d1870ce95baf) revision 13731596'; Using compiler version '194234433'; Build Type 'Release'
OS: 'Windows 11  (10.0.26200) 64bit Professional' Language: 'es' Physical Memory: 16085 MB
[Licensing::IpcConnector] Successfully connected to: "LicenseClient-irofe" at "2025-12-05T11:05:27.089019Z"
BatchMode: 1, IsHumanControllingUs: 0, StartBugReporterOnCrash: 0, Is64bit: 1
Date: 2025-12-05T11:05:27Z

COMMAND LINE ARGUMENTS:
D:\Work\Unity\Hub\Editor\6000.3.0f1\Editor\Unity.exe
-adb2
-batchMode
-noUpm
-name
AssetImportWorker2
-projectPath
D:/Work/Unity/Hub/Projects/DnD5e
-logFile
Logs/AssetImportWorker2.log
-srvPort
50815
-licensingIpc
LicenseClient-irofe
-job-worker-count
5
-background-job-worker-count
8
-gc-helper-count
1
-name
AssetImport
Successfully changed project path to: D:/Work/Unity/Hub/Projects/DnD5e
D:/Work/Unity/Hub/Projects/DnD5e
[UnityMemory] Configuration Parameters - Can be set up in boot.config
    "memorysetup-temp-allocator-size-nav-mesh-worker=65536"
    "memorysetup-temp-allocator-size-audio-worker=65536"
    "memorysetup-temp-allocator-size-gfx=262144"
    "memorysetup-allocator-temp-initial-block-size-main=262144"
    "memorysetup-allocator-temp-initial-block-size-worker=262144"
    "memorysetup-temp-allocator-size-background-worker=32768"
    "memorysetup-temp-allocator-size-job-worker=262144"
    "memorysetup-temp-allocator-size-preload-manager=33554432"
    "memorysetup-temp-allocator-size-gi-baking-worker=262144"
    "memorysetup-temp-allocator-size-gi-baking-worker=262144"
    "memorysetup-temp-allocator-size-gi-baking-worker=262144"
    "memorysetup-temp-allocator-size-gi-baking-worker=262144"
    "memorysetup-temp-allocator-size-gi-baking-worker=262144"
    "memorysetup-bucket-allocator-granularity=16"
    "memorysetup-bucket-allocator-bucket-count=8"
    "memorysetup-bucket-allocator-block-size=33554432"
    "memorysetup-bucket-allocator-block-count=8"
    "memorysetup-main-allocator-block-size=16777216"
    "memorysetup-thread-allocator-block-size=16777216"
    "memorysetup-gfx-main-allocator-block-size=16777216"
    "memorysetup-gfx-thread-allocator-block-size=16777216"
    "memorysetup-cache-allocator-block-size=4194304"
    "memorysetup-typetree-allocator-block-size=2097152"
    "memorysetup-profiler-bucket-allocator-granularity=16"
    "memorysetup-profiler-bucket-allocator-bucket-count=8"
    "memorysetup-profiler-bucket-allocator-block-size=33554432"
    "memorysetup-profiler-bucket-allocator-block-count=8"
    "memorysetup-profiler-allocator-block-size=16777216"
    "memorysetup-profiler-editor-allocator-block-size=1048576"
    "memorysetup-temp-allocator-size-main=16777216"
    "memorysetup-job-temp-allocator-block-size=2097152"
    "memorysetup-job-temp-allocator-block-size-background=1048576"
    "memorysetup-job-temp-allocator-reduction-small-platforms=262144"
    "memorysetup-temp-allocator-size-cloud-worker=32768"
Player connection [27888]  Target information:

Player connection [27888]  * "[IP] 192.168.1.136 [Port] 0 [Flags] 2 [Guid] 2300605470 [EditorId] 2300605470 [Version] 1048832 [Id] WindowsEditor(7,Dimitri-Laptop) [Debug] 1 [PackageName] WindowsEditor [ProjectName] Editor" 

Player connection [27888]  * "[IP] 172.18.64.1 [Port] 0 [Flags] 2 [Guid] 2300605470 [EditorId] 2300605470 [Version] 1048832 [Id] WindowsEditor(7,Dimitri-Laptop) [Debug] 1 [PackageName] WindowsEditor [ProjectName] Editor" 

Player connection [27888]  * "[IP] 10.5.0.2 [Port] 0 [Flags] 2 [Guid] 2300605470 [EditorId] 2300605470 [Version] 1048832 [Id] WindowsEditor(7,Dimitri-Laptop) [Debug] 1 [PackageName] WindowsEditor [ProjectName] Editor" 

Player connection [27888] Host joined multi-casting on [225.0.0.222:54997]...
Player connection [27888] Host joined alternative multi-casting on [225.0.0.222:34997]...
JobSystem: Creating JobQueue using job-worker-count value 5
Input System module state changed to: Initialized.
[Physics::Module] Initialized fallback backend.
[Physics::Module] Id: 0xdecafbad
Library Redirect Path: Library/
[Physics::Module] Selected backend.
[Physics::Module] Name: PhysX
[Physics::Module] Id: 0xf2b8ea05
[Physics::Module] SDK Version: 4.1.2
[Physics::Module] Integration Version: 1.0.0
[Physics::Module] Threading Mode: Multi-Threaded
Refreshing native plugins compatible for Editor in 0.64 ms, found 0 plugins.
Preloading 0 native plugins for Editor in 0.00 ms.
Initialize engine version: 6000.3.0f1 (d1870ce95baf)
[Subsystems] Discovering subsystems at path D:/Work/Unity/Hub/Editor/6000.3.0f1/Editor/Data/Resources/UnitySubsystems
[Subsystems] Discovering subsystems at path D:/Work/Unity/Hub/Projects/DnD5e/Assets
GfxDevice: creating device client; kGfxThreadingModeNonThreaded
Direct3D:
    Version:  Direct3D 11.0 [level 11.1]
    Renderer: NVIDIA GeForce RTX 3050 Laptop GPU (ID=0x25a5)
    Vendor:   NVIDIA
    VRAM:     3964 MB
    Driver:   32.0.15.8157
Initialize mono
Mono path[0] = 'D:/Work/Unity/Hub/Editor/6000.3.0f1/Editor/Data/Managed'
Mono path[1] = 'D:/Work/Unity/Hub/Editor/6000.3.0f1/Editor/Data/MonoBleedingEdge/lib/mono/unityjit-win32'
Mono config path = 'D:/Work/Unity/Hub/Editor/6000.3.0f1/Editor/Data/MonoBleedingEdge/etc'
Using monoOptions --debugger-agent=transport=dt_socket,embedding=1,server=y,suspend=n,address=127.0.0.1:56852
Begin MonoManager ReloadAssembly
Registering precompiled unity dll's ...
Register platform support module: D:/Work/Unity/Hub/Editor/6000.3.0f1/Editor/Data/PlaybackEngines/WebGLSupport/UnityEditor.WebGL.Extensions.dll
Register platform support module: D:/Work/Unity/Hub/Editor/6000.3.0f1/Editor/Data/PlaybackEngines/WindowsStandaloneSupport/UnityEditor.WindowsStandalone.Extensions.dll
Registered in 0.001574 seconds.
- Loaded All Assemblies, in  0.612 seconds
Native extension for WindowsStandalone target not found
Native extension for WebGL target not found
Mono: successfully reloaded assembly
- Finished resetting the current domain, in  0.741 seconds
Domain Reload Profiling: 1353ms
	BeginReloadAssembly (166ms)
		ExecutionOrderSort (0ms)
		DisableScriptedObjects (0ms)
		BackupInstance (0ms)
		ReleaseScriptingObjects (0ms)
		CreateAndSetChildDomain (1ms)
	RebuildCommonClasses (64ms)
	RebuildNativeTypeToScriptingClass (26ms)
	initialDomainReloadingComplete (72ms)
	LoadAllAssembliesAndSetupDomain (283ms)
		LoadAssemblies (165ms)
		RebuildTransferFunctionScriptingTraits (0ms)
		AnalyzeDomain (279ms)
			TypeCache.Refresh (275ms)
				TypeCache.ScanAssembly (257ms)
			BuildScriptInfoCaches (0ms)
			ResolveRequiredComponents (1ms)
	FinalizeReload (742ms)
		ReleaseScriptCaches (0ms)
		RebuildScriptCaches (0ms)
		SetupLoadedEditorAssemblies (679ms)
			LogAssemblyErrors (0ms)
			InitializePlatformSupportModulesInManaged (89ms)
			SetLoadedEditorAssemblies (8ms)
			BeforeProcessingInitializeOnLoad (169ms)
			ProcessInitializeOnLoadAttributes (275ms)
			ProcessInitializeOnLoadMethodAttributes (137ms)
			AfterProcessingInitializeOnLoad (0ms)
			EditorAssembliesLoaded (0ms)
		ExecutionOrderSort2 (0ms)
		AwakeInstancesAfterBackupRestoration (0ms)
========================================================================
Worker process is ready to serve import requests
Import Worker Mode flag is 0x00
Begin MonoManager ReloadAssembly
[Licensing::Module] Licensing is not yet initialized.
[Licensing::Client] Error: HandshakeResponse reported an error:
	ResponseCode: 505
	ResponseStatus: Unsupported protocol version '1.17.4'.
[Licensing::Module] Error: Failed to handshake to channel: "LicenseClient-irofe"
[Licensing::IpcConnector] LicenseClient-irofe channel disconnected successfully.
[Licensing::IpcConnector] Successfully connected to: "LicenseClient-irofe-6000.3.0" at "2025-12-05T11:05:30.1992229Z"
[Licensing::Client] Handshaking with LicensingClient:
  Version:                 1.17.4+4293ba1
  Session Id:              56907331e3914488860de6132cb850f5
  Correlation Id:          bb2ac487cff8b02a68f4202756751ae5
  External correlation Id: 8467426500907185420
  Machine Id:              84A2lSFXLCt0cI8pnA3BtMsQEv0=
[Licensing::Module] Successfully connected to LicensingClient on channel: "LicenseClient-irofe-6000.3.0" (connect: 0.00s, validation: 0.00s, handshake: 2.21s)
[Licensing::IpcConnector] Successfully connected to: "LicenseClient-irofe-6000.3.0-notifications" at "2025-12-05T11:05:32.412641Z"
[Licensing::Module] Licensing Background thread has ended after 5.32s
[Licensing::Module] Licensing is initialized (took 2.95s).
[Licensing::Client] Successfully resolved entitlement details
[Licensing::Module] License group:
  Id: 6400872-UnityPersXXXX
  Product: Unity Personal
  Type: Assigned
  Expiration: Unlimited
Symbol file data-000001E282CC9020 doesn't match image D:\Work\Unity\Hub\Projects\DnD5e\Assets\Plugins\Sirenix\Assemblies\Sirenix.OdinInspector.Editor.dll
Symbol file LoadedFromMemory is not a mono symbol file
Symbol file LoadedFromMemory is not a mono symbol file
- Loaded All Assemblies, in  3.594 seconds
Refreshing native plugins compatible for Editor in 0.28 ms, found 0 plugins.
Native extension for WindowsStandalone target not found
Native extension for WebGL target not found
Launched and connected shader compiler UnityShaderCompiler.exe after 0.02 seconds
Mono: successfully reloaded assembly
- Finished resetting the current domain, in  1.180 seconds
Domain Reload Profiling: 4773ms
	BeginReloadAssembly (3126ms)
		ExecutionOrderSort (0ms)
		DisableScriptedObjects (8ms)
		BackupInstance (0ms)
		ReleaseScriptingObjects (0ms)
		CreateAndSetChildDomain (39ms)
	RebuildCommonClasses (51ms)
	RebuildNativeTypeToScriptingClass (20ms)
	initialDomainReloadingComplete (39ms)
	LoadAllAssembliesAndSetupDomain (357ms)
		LoadAssemblies (305ms)
		RebuildTransferFunctionScriptingTraits (0ms)
		AnalyzeDomain (128ms)
			TypeCache.Refresh (104ms)
				TypeCache.ScanAssembly (89ms)
			BuildScriptInfoCaches (18ms)
			ResolveRequiredComponents (3ms)
	FinalizeReload (1180ms)
		ReleaseScriptCaches (0ms)
		RebuildScriptCaches (0ms)
		SetupLoadedEditorAssemblies (1045ms)
			LogAssemblyErrors (0ms)
			InitializePlatformSupportModulesInManaged (3ms)
			SetLoadedEditorAssemblies (7ms)
			BeforeProcessingInitializeOnLoad (216ms)
			ProcessInitializeOnLoadAttributes (411ms)
			ProcessInitializeOnLoadMethodAttributes (407ms)
			AfterProcessingInitializeOnLoad (2ms)
			EditorAssembliesLoaded (0ms)
		ExecutionOrderSort2 (0ms)
		AwakeInstancesAfterBackupRestoration (7ms)
Refreshing native plugins compatible for Editor in 0.71 ms, found 0 plugins.
Preloading 0 native plugins for Editor in 0.00 ms.
Unloading 0 Unused Serialized files (Serialized files now loaded: 0)
Unloading 2307 unused Assets / (0.7 MB). Loaded Objects now: 2964.
Memory consumption went from 90.6 MB to 89.9 MB.
Total: 27.396100 ms (FindLiveObjects: 0.361800 ms CreateObjectMapping: 0.335900 ms MarkObjects: 25.512200 ms  DeleteObjects: 1.183900 ms)

========================================================================
Received Import Request.
  Time since last request: 174173.040425 seconds.
  path: Assets/AddressableAssetsData/AssetGroups/Localization-Assets-Shared.asset
  artifactKey: Guid(2f494ad7dd5a3474bb038b222b6df2a9) Importer(2089858483,d624ce77472d68a35037170ec1d2d27e)
Start importing Assets/AddressableAssetsData/AssetGroups/Localization-Assets-Shared.asset using Guid(2f494ad7dd5a3474bb038b222b6df2a9) Importer(2089858483,d624ce77472d68a35037170ec1d2d27e) (ScriptedImporter) -> (artifact id: '131a0fd59b236f82f6f0457643da3181') in 0.1323252 seconds
Number of updated asset objects reloaded before import = 0Number of asset objects unloaded after import = 1

========================================================================
Received Import Request.
  Time since last request: 0.000023 seconds.
  path: Assets/Scripts/Runtime/CharacterClass.cs
  artifactKey: Guid(fb5b5ad3808047d4cb3cdba37386ece0) Importer(2089858483,d624ce77472d68a35037170ec1d2d27e)
Start importing Assets/Scripts/Runtime/CharacterClass.cs using Guid(fb5b5ad3808047d4cb3cdba37386ece0) Importer(2089858483,d624ce77472d68a35037170ec1d2d27e) (ScriptedImporter) -> (artifact id: 'ac2123fdf5ad00bd90dfb9014daa171d') in 0.0213297 seconds
Number of updated asset objects reloaded before import = 0Number of asset objects unloaded after import = 0

========================================================================
Received Import Request.
  Time since last request: 0.000075 seconds.
  path: Assets/AddressableAssetsData/AssetGroups/Schemas/Localization-String-Tables-Spanish (Spain) (es-ES)_ContentUpdateGroupSchema.asset
  artifactKey: Guid(d3da0f647fa9a974186e2783ab1b771d) Importer(2089858483,d624ce77472d68a35037170ec1d2d27e)
Start importing Assets/AddressableAssetsData/AssetGroups/Schemas/Localization-String-Tables-Spanish (Spain) (es-ES)_ContentUpdateGroupSchema.asset using Guid(d3da0f647fa9a974186e2783ab1b771d) Importer(2089858483,d624ce77472d68a35037170ec1d2d27e) (ScriptedImporter) -> (artifact id: 'd4aad7f8a6b3a2df79a1078926bb1111') in 0.0157437 seconds
Number of updated asset objects reloaded before import = 0Number of asset objects unloaded after import = 1

========================================================================
Received Import Request.
  Time since last request: 0.000103 seconds.
  path: Assets/Presets/Defaults/AudioDecompressOnLoad.preset
  artifactKey: Guid(e7689051185d12f4298e1ebb2693a29f) Importer(2089858483,d624ce77472d68a35037170ec1d2d27e)
Start importing Assets/Presets/Defaults/AudioDecompressOnLoad.preset using Guid(e7689051185d12f4298e1ebb2693a29f) Importer(2089858483,d624ce77472d68a35037170ec1d2d27e) (ScriptedImporter) -> (artifact id: 'a33780c9451f6ad14be93b4ada45a8df') in 0.02686 seconds
Number of updated asset objects reloaded before import = 0Number of asset objects unloaded after import = 1

========================================================================
Received Import Request.
  Time since last request: 0.000023 seconds.
  path: Assets/Plugins/Sirenix/Demos/Custom Drawers.unitypackage
  artifactKey: Guid(48e08dc33330d11e9d4a1b246c52e4f6) Importer(2089858483,d624ce77472d68a35037170ec1d2d27e)
Start importing Assets/Plugins/Sirenix/Demos/Custom Drawers.unitypackage using Guid(48e08dc33330d11e9d4a1b246c52e4f6) Importer(2089858483,d624ce77472d68a35037170ec1d2d27e) (ScriptedImporter) -> (artifact id: '287ad6bdac8ef458bd0f524a7dd9b03e') in 0.0139541 seconds
Number of updated asset objects reloaded before import = 0Number of asset objects unloaded after import = 1

========================================================================
Received Import Request.
  Time since last request: 0.000074 seconds.
  path: Assets/Settings/UniversalRP-MediumQuality.asset
  artifactKey: Guid(d847b876476d3d6468f5dfcd34266f96) Importer(2089858483,d624ce77472d68a35037170ec1d2d27e)
Start importing Assets/Settings/UniversalRP-MediumQuality.asset using Guid(d847b876476d3d6468f5dfcd34266f96) Importer(2089858483,d624ce77472d68a35037170ec1d2d27e) (ScriptedImporter) -> (artifact id: 'ed63d94fa703f2285b9b8a4194b13e38') in 0.0135143 seconds
Number of updated asset objects reloaded before import = 0Number of asset objects unloaded after import = 1

========================================================================
Received Import Request.
  Time since last request: 0.000020 seconds.
  path: Assets/Plugins/Sirenix/Assemblies/Sirenix.OdinInspector.Attributes.xml
  artifactKey: Guid(47a84ebde4ec47fabb620b30cc7a096f) Importer(2089858483,d624ce77472d68a35037170ec1d2d27e)
Start importing Assets/Plugins/Sirenix/Assemblies/Sirenix.OdinInspector.Attributes.xml using Guid(47a84ebde4ec47fabb620b30cc7a096f) Importer(2089858483,d624ce77472d68a35037170ec1d2d27e) (ScriptedImporter) -> (artifact id: '1b57b375fe4a6cb43edc6ce03877d935') in 0.0237224 seconds
Number of updated asset objects reloaded before import = 0Number of asset objects unloaded after import = 1

========================================================================
Received Import Request.
  Time since last request: 0.000020 seconds.
  path: Assets/Plugins/Localization/Table Collections/Classes/Classes Shared Data.asset
  artifactKey: Guid(e922afef7aca93e4586bba948662153c) Importer(2089858483,d624ce77472d68a35037170ec1d2d27e)
Start importing Assets/Plugins/Localization/Table Collections/Classes/Classes Shared Data.asset using Guid(e922afef7aca93e4586bba948662153c) Importer(2089858483,d624ce77472d68a35037170ec1d2d27e) (ScriptedImporter) -> (artifact id: '29a9c68c4e2038d3f803d46445feadae') in 0.0390313 seconds
Number of updated asset objects reloaded before import = 0Number of asset objects unloaded after import = 1

========================================================================
Received Import Request.
  Time since last request: 0.000020 seconds.
  path: Assets/Plugins/Sirenix/Demos/Custom Attribute Processors.unitypackage
  artifactKey: Guid(f597f19f656ba56eae4f6a3a7cc528f4) Importer(2089858483,d624ce77472d68a35037170ec1d2d27e)
Start importing Assets/Plugins/Sirenix/Demos/Custom Attribute Processors.unitypackage using Guid(f597f19f656ba56eae4f6a3a7cc528f4) Importer(2089858483,d624ce77472d68a35037170ec1d2d27e) (ScriptedImporter) -> (artifact id: 'c244b44d1d7032ca6d3a1dd6f9ff729a') in 0.0120345 seconds
Number of updated asset objects reloaded before import = 0Number of asset objects unloaded after import = 1

========================================================================
Received Import Request.
  Time since last request: 0.000048 seconds.
  path: Assets/Scripts/Runtime/Race.cs
  artifactKey: Guid(8187fd61ffae8514eab7fca2ee2879ae) Importer(2089858483,d624ce77472d68a35037170ec1d2d27e)
Start importing Assets/Scripts/Runtime/Race.cs using Guid(8187fd61ffae8514eab7fca2ee2879ae) Importer(2089858483,d624ce77472d68a35037170ec1d2d27e) (ScriptedImporter) -> (artifact id: '05270618de8a1a5dfdf568988a3b3042') in 0.012464 seconds
Number of updated asset objects reloaded before import = 0Number of asset objects unloaded after import = 0

========================================================================
Received Import Request.
  Time since last request: 0.000128 seconds.
  path: Assets/ScriptableObjects/Languages/1_Celestial.asset
  artifactKey: Guid(eced159372c284744867c8ba72455eb7) Importer(2089858483,d624ce77472d68a35037170ec1d2d27e)
Start importing Assets/ScriptableObjects/Languages/1_Celestial.asset using Guid(eced159372c284744867c8ba72455eb7) Importer(2089858483,d624ce77472d68a35037170ec1d2d27e) (ScriptedImporter) -> (artifact id: '31676d73a980512fcd8aabb57b214f40') in 0.0349673 seconds
Number of updated asset objects reloaded before import = 0Number of asset objects unloaded after import = 1

========================================================================
Received Import Request.
  Time since last request: 0.000021 seconds.
  path: Assets/AddressableAssetsData/AddressableAssetSettings.asset
  artifactKey: Guid(dc215000e992e534e8f9822fd696dcb8) Importer(2089858483,d624ce77472d68a35037170ec1d2d27e)
Start importing Assets/AddressableAssetsData/AddressableAssetSettings.asset using Guid(dc215000e992e534e8f9822fd696dcb8) Importer(2089858483,d624ce77472d68a35037170ec1d2d27e) (ScriptedImporter) -> (artifact id: '5246d03bc2031184c8fa38f99ff93ce2') in 0.0309064 seconds
Number of updated asset objects reloaded before import = 0Number of asset objects unloaded after import = 1

========================================================================
Received Import Request.
  Time since last request: 0.000056 seconds.
  path: Assets/Plugins/Localization/Table Collections/Classes/Classes_en.asset
  artifactKey: Guid(c706cbecb83adfa409f6b4cfaa9894a0) Importer(2089858483,d624ce77472d68a35037170ec1d2d27e)
Start importing Assets/Plugins/Localization/Table Collections/Classes/Classes_en.asset using Guid(c706cbecb83adfa409f6b4cfaa9894a0) Importer(2089858483,d624ce77472d68a35037170ec1d2d27e) (ScriptedImporter) -> (artifact id: 'c8badb97d9004d58eb03d7ab9951fe56') in 0.0188846 seconds
Number of updated asset objects reloaded before import = 0Number of asset objects unloaded after import = 2

========================================================================
Received Import Request.
  Time since last request: 0.000025 seconds.
  path: Assets/ScriptableObjects/Races/16_Halfling.asset
  artifactKey: Guid(6f8025cc02cf8184f83b02364191c88d) Importer(2089858483,d624ce77472d68a35037170ec1d2d27e)
Start importing Assets/ScriptableObjects/Races/16_Halfling.asset using Guid(6f8025cc02cf8184f83b02364191c88d) Importer(2089858483,d624ce77472d68a35037170ec1d2d27e) (ScriptedImporter) -> (artifact id: 'f16b9200b1759bb24075b7ad5bd298a3') in 0.0213054 seconds
Number of updated asset objects reloaded before import = 0Number of asset objects unloaded after import = 1

========================================================================
Received Import Request.
  Time since last request: 0.000041 seconds.
  path: Assets/Plugins/Sirenix/Assemblies/Sirenix.Reflection.Editor.pdb
  artifactKey: Guid(61824742f78323c439d83403f8270e6f) Importer(2089858483,d624ce77472d68a35037170ec1d2d27e)
Start importing Assets/Plugins/Sirenix/Assemblies/Sirenix.Reflection.Editor.pdb using Guid(61824742f78323c439d83403f8270e6f) Importer(2089858483,d624ce77472d68a35037170ec1d2d27e) (ScriptedImporter) -> (artifact id: 'b98d27e433d7886417d15af5dfa99002') in 0.0138657 seconds
Number of updated asset objects reloaded before import = 0Number of asset objects unloaded after import = 1

========================================================================
Received Import Request.
  Time since last request: 0.000058 seconds.
  path: Assets/Plugins/Sirenix/Assemblies/NoEditor/Sirenix.Utilities.pdb
  artifactKey: Guid(5978f8f3dd274e848fbb7a123bde0a6f) Importer(2089858483,d624ce77472d68a35037170ec1d2d27e)
Start importing Assets/Plugins/Sirenix/Assemblies/NoEditor/Sirenix.Utilities.pdb using Guid(5978f8f3dd274e848fbb7a123bde0a6f) Importer(2089858483,d624ce77472d68a35037170ec1d2d27e) (ScriptedImporter) -> (artifact id: '9a1953b85160d2414c5adfd34bce27f3') in 0.0129671 seconds
Number of updated asset objects reloaded before import = 0Number of asset objects unloaded after import = 1

========================================================================
Received Import Request.
  Time since last request: 0.000116 seconds.
  path: Assets/Plugins/Sirenix/Odin Inspector/Assets/Editor/ConfigData.bytes
  artifactKey: Guid(90eaa0dc28c1934408dc1c02e13a507f) Importer(2089858483,d624ce77472d68a35037170ec1d2d27e)
Start importing Assets/Plugins/Sirenix/Odin Inspector/Assets/Editor/ConfigData.bytes using Guid(90eaa0dc28c1934408dc1c02e13a507f) Importer(2089858483,d624ce77472d68a35037170ec1d2d27e) (ScriptedImporter) -> (artifact id: '2e82007751e6715968dffd9ad104f16d') in 0.021046 seconds
Number of updated asset objects reloaded before import = 0Number of asset objects unloaded after import = 1

========================================================================
Received Import Request.
  Time since last request: 0.000120 seconds.
  path: Assets/Plugins/Sirenix/Odin Inspector/Modules/Unity.Addressables/Validators/CheckDuplicateBundleDependenciesValidator.cs
  artifactKey: Guid(bdc8ee2cf75a17644a0bd81a965cc2e0) Importer(2089858483,d624ce77472d68a35037170ec1d2d27e)
Start importing Assets/Plugins/Sirenix/Odin Inspector/Modules/Unity.Addressables/Validators/CheckDuplicateBundleDependenciesValidator.cs using Guid(bdc8ee2cf75a17644a0bd81a965cc2e0) Importer(2089858483,d624ce77472d68a35037170ec1d2d27e) (ScriptedImporter) -> (artifact id: '1b6db6e93dfadfc48a0d8566fecabdfb') in 0.0115227 seconds
Number of updated asset objects reloaded before import = 0Number of asset objects unloaded after import = 0

========================================================================
Received Import Request.
  Time since last request: 0.000105 seconds.
  path: Assets/Plugins/Sirenix/Assemblies/NoEmitAndNoEditor/Sirenix.Serialization.pdb
  artifactKey: Guid(d2a8f0021d6b47c5923d8972dfb80a6f) Importer(2089858483,d624ce77472d68a35037170ec1d2d27e)
Start importing Assets/Plugins/Sirenix/Assemblies/NoEmitAndNoEditor/Sirenix.Serialization.pdb using Guid(d2a8f0021d6b47c5923d8972dfb80a6f) Importer(2089858483,d624ce77472d68a35037170ec1d2d27e) (ScriptedImporter) -> (artifact id: 'fe8fca582760cf0f79a52da2f3656a23') in 0.0135526 seconds
Number of updated asset objects reloaded before import = 0Number of asset objects unloaded after import = 1

========================================================================
Received Import Request.
  Time since last request: 0.000061 seconds.
  path: Assets/Plugins/Sirenix/Odin Inspector/Modules/Unity.Localization/manifest.txt
  artifactKey: Guid(106c05b0a3f8d6e44a343f327140062b) Importer(2089858483,d624ce77472d68a35037170ec1d2d27e)
Start importing Assets/Plugins/Sirenix/Odin Inspector/Modules/Unity.Localization/manifest.txt using Guid(106c05b0a3f8d6e44a343f327140062b) Importer(2089858483,d624ce77472d68a35037170ec1d2d27e) (ScriptedImporter) -> (artifact id: 'b67537cfcf5e5198acf4e847e7b58a2f') in 0.0212716 seconds
Number of updated asset objects reloaded before import = 0Number of asset objects unloaded after import = 1

========================================================================
Received Import Request.
  Time since last request: 0.000018 seconds.
  path: Assets/Plugins/Localization/Table Collections/Races/Races_en.asset
  artifactKey: Guid(c57f976b3c0797640b842ff3e3b01c01) Importer(2089858483,d624ce77472d68a35037170ec1d2d27e)
Start importing Assets/Plugins/Localization/Table Collections/Races/Races_en.asset using Guid(c57f976b3c0797640b842ff3e3b01c01) Importer(2089858483,d624ce77472d68a35037170ec1d2d27e) (ScriptedImporter) -> (artifact id: '7689ddd2a5e86513cd8858f067dcc349') in 0.0159527 seconds
Number of updated asset objects reloaded before import = 0Number of asset objects unloaded after import = 2

========================================================================
Received Import Request.
  Time since last request: 0.000021 seconds.
  path: Assets/Plugins/Sirenix/Assemblies/NoEmitAndNoEditor/Sirenix.Serialization.dll
  artifactKey: Guid(d2a8f0021d6b47c5923d8972dfb81ef1) Importer(2089858483,d624ce77472d68a35037170ec1d2d27e)
Start importing Assets/Plugins/Sirenix/Assemblies/NoEmitAndNoEditor/Sirenix.Serialization.dll using Guid(d2a8f0021d6b47c5923d8972dfb81ef1) Importer(2089858483,d624ce77472d68a35037170ec1d2d27e) (ScriptedImporter) -> (artifact id: '8352ba9bbd69bd3838c9deef0c417f5f') in 0.0186982 seconds
Number of updated asset objects reloaded before import = 0Number of asset objects unloaded after import = 0

========================================================================
Received Import Request.
  Time since last request: 0.000129 seconds.
  path: Assets/ScriptableObjects/Languages/6_Giant.asset
  artifactKey: Guid(c3a99a162670fa7418916b99cc9c7d91) Importer(2089858483,d624ce77472d68a35037170ec1d2d27e)
Start importing Assets/ScriptableObjects/Languages/6_Giant.asset using Guid(c3a99a162670fa7418916b99cc9c7d91) Importer(2089858483,d624ce77472d68a35037170ec1d2d27e) (ScriptedImporter) -> (artifact id: 'f63ad7cf02b1efa37c0bfa908dcfc53e') in 0.015785 seconds
Number of updated asset objects reloaded before import = 0Number of asset objects unloaded after import = 1

========================================================================
Received Import Request.
  Time since last request: 0.000019 seconds.
  path: Assets/Plugins/Localization/Localization Settings.asset
  artifactKey: Guid(124019f39bdf53c4e9d2fbe31cb4f454) Importer(2089858483,d624ce77472d68a35037170ec1d2d27e)
Start importing Assets/Plugins/Localization/Localization Settings.asset using Guid(124019f39bdf53c4e9d2fbe31cb4f454) Importer(2089858483,d624ce77472d68a35037170ec1d2d27e) (ScriptedImporter) -> (artifact id: 'f3b36f563ab1c9d714dfcd3cae5a8083') in 0.0303644 seconds
Number of updated asset objects reloaded before import = 0Number of asset objects unloaded after import = 1

========================================================================
Received Import Request.
  Time since last request: 0.000036 seconds.
  path: Assets/Plugins/Sirenix/Odin Inspector/Modules/Unity.Addressables.data
  artifactKey: Guid(d92d0eb8b980c6d44b5f0e64a620355b) Importer(2089858483,d624ce77472d68a35037170ec1d2d27e)
Start importing Assets/Plugins/Sirenix/Odin Inspector/Modules/Unity.Addressables.data using Guid(d92d0eb8b980c6d44b5f0e64a620355b) Importer(2089858483,d624ce77472d68a35037170ec1d2d27e) (ScriptedImporter) -> (artifact id: '7672663507bfb6e4e9e93e81cbc8a3e6') in 0.0126166 seconds
Number of updated asset objects reloaded before import = 0Number of asset objects unloaded after import = 1

========================================================================
Received Import Request.
  Time since last request: 0.000042 seconds.
  path: Assets/Settings/UniversalRP-HighQuality.asset
  artifactKey: Guid(19ba41d7c0026c3459d37c2fe90c55a0) Importer(2089858483,d624ce77472d68a35037170ec1d2d27e)
Start importing Assets/Settings/UniversalRP-HighQuality.asset using Guid(19ba41d7c0026c3459d37c2fe90c55a0) Importer(2089858483,d624ce77472d68a35037170ec1d2d27e) (ScriptedImporter) -> (artifact id: '2c14fe7447ce3c14bce54d01eed78f92') in 0.0130207 seconds
Number of updated asset objects reloaded before import = 0Number of asset objects unloaded after import = 1

========================================================================
Received Import Request.
  Time since last request: 0.000027 seconds.
  path: Assets/Plugins/Sirenix/Odin Inspector/Config/Editor/OdinModuleConfig.asset
  artifactKey: Guid(0bfbafcc4bb17fe4e932eb3d4c700ff6) Importer(2089858483,d624ce77472d68a35037170ec1d2d27e)
Start importing Assets/Plugins/Sirenix/Odin Inspector/Config/Editor/OdinModuleConfig.asset using Guid(0bfbafcc4bb17fe4e932eb3d4c700ff6) Importer(2089858483,d624ce77472d68a35037170ec1d2d27e) (ScriptedImporter) -> (artifact id: 'c1edf2df5f66f03483fb7b771b8c1ffb') in 0.0135636 seconds
Number of updated asset objects reloaded before import = 0Number of asset objects unloaded after import = 1

========================================================================
Received Import Request.
  Time since last request: 0.000038 seconds.
  path: Assets/ScriptableObjects/Languages/5_Dwarvish.asset
  artifactKey: Guid(20231075b41ed8846b784418cc683172) Importer(2089858483,d624ce77472d68a35037170ec1d2d27e)
Start importing Assets/ScriptableObjects/Languages/5_Dwarvish.asset using Guid(20231075b41ed8846b784418cc683172) Importer(2089858483,d624ce77472d68a35037170ec1d2d27e) (ScriptedImporter) -> (artifact id: '1c652991a9e94df512ba2aaf7e4853d6') in 0.0137527 seconds
Number of updated asset objects reloaded before import = 0Number of asset objects unloaded after import = 1

========================================================================
Received Import Request.
  Time since last request: 0.000018 seconds.
  path: Assets/Plugins/Sirenix/Assemblies/Sirenix.Serialization.pdb
  artifactKey: Guid(5f3147f7af4c49739579b966c4580a6f) Importer(2089858483,d624ce77472d68a35037170ec1d2d27e)
Start importing Assets/Plugins/Sirenix/Assemblies/Sirenix.Serialization.pdb using Guid(5f3147f7af4c49739579b966c4580a6f) Importer(2089858483,d624ce77472d68a35037170ec1d2d27e) (ScriptedImporter) -> (artifact id: '15166de7b6894487ff366761da46cb38') in 0.0131618 seconds
Number of updated asset objects reloaded before import = 0Number of asset objects unloaded after import = 1

========================================================================
Received Import Request.
  Time since last request: 0.000075 seconds.
  path: Assets/Scripts/Runtime/Character.cs
  artifactKey: Guid(30e02c0cf8ccee9468f4ee2646320762) Importer(2089858483,d624ce77472d68a35037170ec1d2d27e)
Start importing Assets/Scripts/Runtime/Character.cs using Guid(30e02c0cf8ccee9468f4ee2646320762) Importer(2089858483,d624ce77472d68a35037170ec1d2d27e) (ScriptedImporter) -> (artifact id: 'e6cd8e999eb0966d9c4552c6df886181') in 0.0138836 seconds
Number of updated asset objects reloaded before import = 0Number of asset objects unloaded after import = 0

========================================================================
Received Import Request.
  Time since last request: 0.000126 seconds.
  path: Assets/ScriptableObjects/Races/14_Gnome.asset
  artifactKey: Guid(152914ec27b7b2c4ba546ff8a5e7424f) Importer(2089858483,d624ce77472d68a35037170ec1d2d27e)
Start importing Assets/ScriptableObjects/Races/14_Gnome.asset using Guid(152914ec27b7b2c4ba546ff8a5e7424f) Importer(2089858483,d624ce77472d68a35037170ec1d2d27e) (ScriptedImporter) -> (artifact id: '8edbf6f8af53f318b7d1e913ce1c99e0') in 0.0161894 seconds
Number of updated asset objects reloaded before import = 0Number of asset objects unloaded after import = 1

========================================================================
Received Import Request.
  Time since last request: 0.000105 seconds.
  path: Assets/ScriptableObjects/Languages/15_Sylvan.asset
  artifactKey: Guid(208b7145966e8914e871ed1dd466a773) Importer(2089858483,d624ce77472d68a35037170ec1d2d27e)
Start importing Assets/ScriptableObjects/Languages/15_Sylvan.asset using Guid(208b7145966e8914e871ed1dd466a773) Importer(2089858483,d624ce77472d68a35037170ec1d2d27e) (ScriptedImporter) -> (artifact id: '4e128a8fd0f26f640b9650a01310fc15') in 0.0152991 seconds
Number of updated asset objects reloaded before import = 0Number of asset objects unloaded after import = 1

========================================================================
Received Import Request.
  Time since last request: 0.000021 seconds.
  path: Assets/Plugins/Localization/Table Collections/Classes/Classes.asset
  artifactKey: Guid(dd2ce0fb10338d248b53279042aba575) Importer(2089858483,d624ce77472d68a35037170ec1d2d27e)
Start importing Assets/Plugins/Localization/Table Collections/Classes/Classes.asset using Guid(dd2ce0fb10338d248b53279042aba575) Importer(2089858483,d624ce77472d68a35037170ec1d2d27e) (ScriptedImporter) -> (artifact id: '313a6889dbc378c7904bbcc3ce4b372d') in 0.0162533 seconds
Number of updated asset objects reloaded before import = 0Number of asset objects unloaded after import = 2

========================================================================
Received Import Request.
  Time since last request: 0.000019 seconds.
  path: Assets/AddressableAssetsData/AssetGroups/Localization-Locales.asset
  artifactKey: Guid(f6ae03ba2f0927a43b8657260b0f37ee) Importer(2089858483,d624ce77472d68a35037170ec1d2d27e)
Start importing Assets/AddressableAssetsData/AssetGroups/Localization-Locales.asset using Guid(f6ae03ba2f0927a43b8657260b0f37ee) Importer(2089858483,d624ce77472d68a35037170ec1d2d27e) (ScriptedImporter) -> (artifact id: 'c6c3a38d7db5d55e43d7a452fee3ab06') in 0.0130168 seconds
Number of updated asset objects reloaded before import = 0Number of asset objects unloaded after import = 1

========================================================================
Received Import Request.
  Time since last request: 0.000050 seconds.
  path: Assets/Plugins/Sirenix/Assemblies/NoEmitAndNoEditor/Sirenix.Utilities.dll
  artifactKey: Guid(1e0a9643dc0d4b46bf2321f72c4e503e) Importer(2089858483,d624ce77472d68a35037170ec1d2d27e)
Start importing Assets/Plugins/Sirenix/Assemblies/NoEmitAndNoEditor/Sirenix.Utilities.dll using Guid(1e0a9643dc0d4b46bf2321f72c4e503e) Importer(2089858483,d624ce77472d68a35037170ec1d2d27e) (ScriptedImporter) -> (artifact id: '49c0877300415636a5c9aec48df66435') in 0.0144699 seconds
Number of updated asset objects reloaded before import = 0Number of asset objects unloaded after import = 0

========================================================================
Received Import Request.
  Time since last request: 0.000085 seconds.
  path: Assets/ScriptableObjects/Languages/14_Primordial.asset
  artifactKey: Guid(f6e786d7c806dbf45883d2c86b8f5860) Importer(2089858483,d624ce77472d68a35037170ec1d2d27e)
Start importing Assets/ScriptableObjects/Languages/14_Primordial.asset using Guid(f6e786d7c806dbf45883d2c86b8f5860) Importer(2089858483,d624ce77472d68a35037170ec1d2d27e) (ScriptedImporter) -> (artifact id: 'ec44879206323f5b76485abdce384dff') in 0.013606 seconds
Number of updated asset objects reloaded before import = 0Number of asset objects unloaded after import = 1

========================================================================
Received Import Request.
  Time since last request: 0.000020 seconds.
  path: Assets/Plugins/Localization/Table Collections/Languages/Languages_es-ES.asset
  artifactKey: Guid(bb03e9dfa60fd1a4fb61f16ca3344da4) Importer(2089858483,d624ce77472d68a35037170ec1d2d27e)
Start importing Assets/Plugins/Localization/Table Collections/Languages/Languages_es-ES.asset using Guid(bb03e9dfa60fd1a4fb61f16ca3344da4) Importer(2089858483,d624ce77472d68a35037170ec1d2d27e) (ScriptedImporter) -> (artifact id: '0f17b74783a9c4689148b5a5126a42f7') in 0.0132047 seconds
Number of updated asset objects reloaded before import = 0Number of asset objects unloaded after import = 2

========================================================================
Received Import Request.
  Time since last request: 0.000044 seconds.
  path: Assets/ScriptableObjects/Races/10_Dwarf.asset
  artifactKey: Guid(055c83684c162f447a74341f8c7cb527) Importer(2089858483,d624ce77472d68a35037170ec1d2d27e)
Start importing Assets/ScriptableObjects/Races/10_Dwarf.asset using Guid(055c83684c162f447a74341f8c7cb527) Importer(2089858483,d624ce77472d68a35037170ec1d2d27e) (ScriptedImporter) -> (artifact id: '8e000b2b1f0c49a27e54cd9542ba7293') in 0.0149765 seconds
Number of updated asset objects reloaded before import = 0Number of asset objects unloaded after import = 1

========================================================================
Received Import Request.
  Time since last request: 0.000021 seconds.
  path: Assets/Plugins/Sirenix/Assemblies/Sirenix.OdinInspector.Attributes.pdb
  artifactKey: Guid(47a84ebde4ec47fabb620b30cc7a0a6f) Importer(2089858483,d624ce77472d68a35037170ec1d2d27e)
Start importing Assets/Plugins/Sirenix/Assemblies/Sirenix.OdinInspector.Attributes.pdb using Guid(47a84ebde4ec47fabb620b30cc7a0a6f) Importer(2089858483,d624ce77472d68a35037170ec1d2d27e) (ScriptedImporter) -> (artifact id: 'bd66da3e60a3d0c601fb5f2e37421a72') in 0.0122173 seconds
Number of updated asset objects reloaded before import = 0Number of asset objects unloaded after import = 1

========================================================================
Received Import Request.
  Time since last request: 0.000054 seconds.
  path: Assets/Plugins/Sirenix/Assemblies/Sirenix.Serialization.Config.pdb
  artifactKey: Guid(74721b9f0af448f5ae2e91102a1a0a6f) Importer(2089858483,d624ce77472d68a35037170ec1d2d27e)
Start importing Assets/Plugins/Sirenix/Assemblies/Sirenix.Serialization.Config.pdb using Guid(74721b9f0af448f5ae2e91102a1a0a6f) Importer(2089858483,d624ce77472d68a35037170ec1d2d27e) (ScriptedImporter) -> (artifact id: '3a789f0b7f1e7a6842347bfe894643c8') in 0.0125863 seconds
Number of updated asset objects reloaded before import = 0Number of asset objects unloaded after import = 1

========================================================================
Received Import Request.
  Time since last request: 0.000052 seconds.
  path: Assets/Plugins/Localization/Table Collections/Classes/Classes_es-ES.asset
  artifactKey: Guid(5a710dbc4915c474d9f3b3ffdfa56550) Importer(2089858483,d624ce77472d68a35037170ec1d2d27e)
Start importing Assets/Plugins/Localization/Table Collections/Classes/Classes_es-ES.asset using Guid(5a710dbc4915c474d9f3b3ffdfa56550) Importer(2089858483,d624ce77472d68a35037170ec1d2d27e) (ScriptedImporter) -> (artifact id: '1a7414d3469b8ff62c51aea28dd34aec') in 0.0144257 seconds
Number of updated asset objects reloaded before import = 0Number of asset objects unloaded after import = 2

========================================================================
Received Import Request.
  Time since last request: 0.000028 seconds.
  path: Assets/Settings/SampleSceneProfile.asset
  artifactKey: Guid(10fc4df2da32a41aaa32d77bc913491c) Importer(2089858483,d624ce77472d68a35037170ec1d2d27e)
Start importing Assets/Settings/SampleSceneProfile.asset using Guid(10fc4df2da32a41aaa32d77bc913491c) Importer(2089858483,d624ce77472d68a35037170ec1d2d27e) (ScriptedImporter) -> (artifact id: '6aa28976255f05b59133c0d16747fa9f') in 0.0125916 seconds
Number of updated asset objects reloaded before import = 0Number of asset objects unloaded after import = 1

========================================================================
Received Import Request.
  Time since last request: 0.000031 seconds.
  path: Assets/Plugins/Sirenix/Odin Inspector/Modules/Unity.Addressables/Validators/AssetLabelReferenceValidator.cs
  artifactKey: Guid(fcaf7dc3b9a98a545b301a1ea175055b) Importer(2089858483,d624ce77472d68a35037170ec1d2d27e)
Start importing Assets/Plugins/Sirenix/Odin Inspector/Modules/Unity.Addressables/Validators/AssetLabelReferenceValidator.cs using Guid(fcaf7dc3b9a98a545b301a1ea175055b) Importer(2089858483,d624ce77472d68a35037170ec1d2d27e) (ScriptedImporter) -> (artifact id: 'eb55d28b4e52d188dac7cb7f9f8f4325') in 0.0131931 seconds
Number of updated asset objects reloaded before import = 0Number of asset objects unloaded after import = 0

========================================================================
Received Import Request.
  Time since last request: 0.000032 seconds.
  path: Assets/Scripts/Runtime/GenericEnums.cs
  artifactKey: Guid(973419eeab6c09647a3a2a178ec02b55) Importer(2089858483,d624ce77472d68a35037170ec1d2d27e)
Start importing Assets/Scripts/Runtime/GenericEnums.cs using Guid(973419eeab6c09647a3a2a178ec02b55) Importer(2089858483,d624ce77472d68a35037170ec1d2d27e) (ScriptedImporter) -> (artifact id: '9ab5d8fe9580a161341c6ae3c98dad4c') in 0.0138526 seconds
Number of updated asset objects reloaded before import = 0Number of asset objects unloaded after import = 0

========================================================================
Received Import Request.
  Time since last request: 0.000051 seconds.
  path: Assets/ScriptableObjects/Classes/6_Paladin.asset
  artifactKey: Guid(f55ce9c25ff1b5c40937777972b48d2f) Importer(2089858483,d624ce77472d68a35037170ec1d2d27e)
Start importing Assets/ScriptableObjects/Classes/6_Paladin.asset using Guid(f55ce9c25ff1b5c40937777972b48d2f) Importer(2089858483,d624ce77472d68a35037170ec1d2d27e) (ScriptedImporter) -> (artifact id: 'ed63b9116a7a1d827158c2f920e9aa51') in 0.017653 seconds
Number of updated asset objects reloaded before import = 0Number of asset objects unloaded after import = 1

========================================================================
Received Import Request.
  Time since last request: 0.000021 seconds.
  path: Assets/Plugins/Sirenix/Assemblies/NoEditor/Sirenix.Serialization.dll
  artifactKey: Guid(5651992cdad94894a3af7dc3f1da9170) Importer(2089858483,d624ce77472d68a35037170ec1d2d27e)
Start importing Assets/Plugins/Sirenix/Assemblies/NoEditor/Sirenix.Serialization.dll using Guid(5651992cdad94894a3af7dc3f1da9170) Importer(2089858483,d624ce77472d68a35037170ec1d2d27e) (ScriptedImporter) -> (artifact id: '9a685c2eb61da07d75d95ca35d0e00a4') in 0.0135219 seconds
Number of updated asset objects reloaded before import = 0Number of asset objects unloaded after import = 0

========================================================================
Received Import Request.
  Time since last request: 0.000189 seconds.
  path: Assets/Plugins/Sirenix/Assemblies/NoEditor/Sirenix.Serialization.pdb
  artifactKey: Guid(5651992cdad94894a3af7dc3f1da0a6f) Importer(2089858483,d624ce77472d68a35037170ec1d2d27e)
Start importing Assets/Plugins/Sirenix/Assemblies/NoEditor/Sirenix.Serialization.pdb using Guid(5651992cdad94894a3af7dc3f1da0a6f) Importer(2089858483,d624ce77472d68a35037170ec1d2d27e) (ScriptedImporter) -> (artifact id: '7b9dfd0a0a86c78db5f61203adb351e6') in 0.0130129 seconds
Number of updated asset objects reloaded before import = 0Number of asset objects unloaded after import = 1

========================================================================
Received Import Request.
  Time since last request: 0.000053 seconds.
  path: Assets/Plugins/Sirenix/Odin Inspector/Modules/Unity.Localization/Editor/LocalizationSupport.cs
  artifactKey: Guid(46db7b2a049564544ad19a2e480a1333) Importer(2089858483,d624ce77472d68a35037170ec1d2d27e)
Start importing Assets/Plugins/Sirenix/Odin Inspector/Modules/Unity.Localization/Editor/LocalizationSupport.cs using Guid(46db7b2a049564544ad19a2e480a1333) Importer(2089858483,d624ce77472d68a35037170ec1d2d27e) (ScriptedImporter) -> (artifact id: '11d22deee907b954a2e9283ae8568d16') in 0.0131636 seconds
Number of updated asset objects reloaded before import = 0Number of asset objects unloaded after import = 0

========================================================================
Received Import Request.
  Time since last request: 0.000060 seconds.
  path: Assets/Plugins/Sirenix/Odin Inspector/Modules/Unity.Addressables/Validators/MissingAddressableGroupReferenceValidator.cs
  artifactKey: Guid(4ae55abdaf19ef4498d1a2fbe1bd9f9b) Importer(2089858483,d624ce77472d68a35037170ec1d2d27e)
Start importing Assets/Plugins/Sirenix/Odin Inspector/Modules/Unity.Addressables/Validators/MissingAddressableGroupReferenceValidator.cs using Guid(4ae55abdaf19ef4498d1a2fbe1bd9f9b) Importer(2089858483,d624ce77472d68a35037170ec1d2d27e) (ScriptedImporter) -> (artifact id: '70f8907bb0966008efdd128286ada6f6') in 0.0136941 seconds
Number of updated asset objects reloaded before import = 0Number of asset objects unloaded after import = 0

========================================================================
Received Import Request.
  Time since last request: 0.000168 seconds.
  path: Assets/AddressableAssetsData/DataBuilders/BuildScriptFastMode.asset
  artifactKey: Guid(9a0f2f84147bcfc459af2b83ef834a93) Importer(2089858483,d624ce77472d68a35037170ec1d2d27e)
Start importing Assets/AddressableAssetsData/DataBuilders/BuildScriptFastMode.asset using Guid(9a0f2f84147bcfc459af2b83ef834a93) Importer(2089858483,d624ce77472d68a35037170ec1d2d27e) (ScriptedImporter) -> (artifact id: 'c113d2bc591a4a85e8c5b21b205c8970') in 0.0141109 seconds
Number of updated asset objects reloaded before import = 0Number of asset objects unloaded after import = 1

========================================================================
Received Import Request.
  Time since last request: 0.000025 seconds.
  path: Assets/ScriptableObjects/Languages/2_Common.asset
  artifactKey: Guid(886df7ca19ddaae4284f1542a12cb74e) Importer(2089858483,d624ce77472d68a35037170ec1d2d27e)
Start importing Assets/ScriptableObjects/Languages/2_Common.asset using Guid(886df7ca19ddaae4284f1542a12cb74e) Importer(2089858483,d624ce77472d68a35037170ec1d2d27e) (ScriptedImporter) -> (artifact id: '6a94e4b47d129d9bba604a5a6f11357d') in 0.0161804 seconds
Number of updated asset objects reloaded before import = 0Number of asset objects unloaded after import = 1

========================================================================
Received Import Request.
  Time since last request: 0.000022 seconds.
  path: Assets/Plugins/Localization/Table Collections/Races/Races_es-ES.asset
  artifactKey: Guid(d19624e3afc13464b87d2a7b63464adc) Importer(2089858483,d624ce77472d68a35037170ec1d2d27e)
Start importing Assets/Plugins/Localization/Table Collections/Races/Races_es-ES.asset using Guid(d19624e3afc13464b87d2a7b63464adc) Importer(2089858483,d624ce77472d68a35037170ec1d2d27e) (ScriptedImporter) -> (artifact id: '95a17a8d2e01418e0a706aac8310d7b6') in 0.01441 seconds
Number of updated asset objects reloaded before import = 0Number of asset objects unloaded after import = 2

========================================================================
Received Prepare
Refreshing native plugins compatible for Editor in 0.27 ms, found 0 plugins.
Preloading 0 native plugins for Editor in 0.00 ms.
Unloading 0 Unused Serialized files (Serialized files now loaded: 0)
Unloading 11 unused Assets / (0 B). Loaded Objects now: 2968.
Memory consumption went from 89.4 MB to 89.4 MB.
Total: 15.364500 ms (FindLiveObjects: 0.161400 ms CreateObjectMapping: 0.077200 ms MarkObjects: 15.078200 ms  DeleteObjects: 0.045100 ms)

Prepare: number of updated asset objects reloaded= 0
========================================================================
Received Prepare
Refreshing native plugins compatible for Editor in 0.30 ms, found 0 plugins.
Preloading 0 native plugins for Editor in 0.00 ms.
Unloading 0 Unused Serialized files (Serialized files now loaded: 0)
Unloading 0 unused Assets / (0 B). Loaded Objects now: 2968.
Memory consumption went from 89.3 MB to 89.3 MB.
Total: 14.406100 ms (FindLiveObjects: 0.143000 ms CreateObjectMapping: 0.053600 ms MarkObjects: 14.200000 ms  DeleteObjects: 0.008400 ms)

Prepare: number of updated asset objects reloaded= 0
