
=== Fri Dec 31 11:47:11 2021

Packages were changed.
Update Mode: mergeDefaultDependencies

The following packages were added:
  com.unity.collab-proxy@1.15.1
  com.unity.ide.rider@2.0.7
  com.unity.ide.visualstudio@2.0.11
  com.unity.ide.vscode@1.2.4
  com.unity.modules.ai@1.0.0
  com.unity.modules.androidjni@1.0.0
  com.unity.modules.animation@1.0.0
  com.unity.modules.assetbundle@1.0.0
  com.unity.modules.audio@1.0.0
  com.unity.modules.cloth@1.0.0
  com.unity.modules.director@1.0.0
  com.unity.modules.imageconversion@1.0.0
  com.unity.modules.imgui@1.0.0
  com.unity.modules.jsonserialize@1.0.0
  com.unity.modules.particlesystem@1.0.0
  com.unity.modules.physics@1.0.0
  com.unity.modules.physics2d@1.0.0
  com.unity.modules.screencapture@1.0.0
  com.unity.modules.terrain@1.0.0
  com.unity.modules.terrainphysics@1.0.0
  com.unity.modules.tilemap@1.0.0
  com.unity.modules.ui@1.0.0
  com.unity.modules.uielements@1.0.0
  com.unity.modules.umbra@1.0.0
  com.unity.modules.unityanalytics@1.0.0
  com.unity.modules.unitywebrequest@1.0.0
  com.unity.modules.unitywebrequestassetbundle@1.0.0
  com.unity.modules.unitywebrequestaudio@1.0.0
  com.unity.modules.unitywebrequesttexture@1.0.0
  com.unity.modules.unitywebrequestwww@1.0.0
  com.unity.modules.vehicles@1.0.0
  com.unity.modules.video@1.0.0
  com.unity.modules.vr@1.0.0
  com.unity.modules.wind@1.0.0
  com.unity.modules.xr@1.0.0
  com.unity.test-framework@1.1.29
  com.unity.textmeshpro@3.0.6
  com.unity.timeline@1.4.8
  com.unity.ugui@1.0.0

=== Wed Jun  7 19:41:12 2023

Packages were changed.
Update Mode: updateDependencies

The following packages were updated:
  com.unity.collab-proxy from version 1.15.7 to 1.17.7
  com.unity.ide.visualstudio from version 2.0.12 to 2.0.16
  com.unity.test-framework from version 1.1.30 to 1.1.31
  com.unity.timeline from version 1.4.8 to 1.6.4

=== Wed Feb 14 14:18:20 2024

Packages were changed.
Update Mode: updateDependencies

The following packages were added:
  com.unity.ai.navigation@1.1.3

=== Fri Dec  5 12:03:43 2025

Packages were changed.
Update Mode: updateDependencies

The following packages were added:
  com.unity.modules.adaptiveperformance@1.0.0
  com.unity.modules.vectorgraphics@1.0.0
  com.unity.modules.accessibility@1.0.0
  com.unity.multiplayer.center@1.0.1
The following packages were updated:
  com.unity.ide.visualstudio from version 2.0.22 to 2.0.25
  com.unity.inputsystem from version 1.6.3 to 1.16.0
  com.unity.localization from version 1.3.2 to 1.5.8
  com.unity.test-framework from version 1.1.33 to 1.6.0
  com.unity.ugui from version 1.0.0 to 2.0.0
The following packages were removed:
  com.unity.textmeshpro@3.0.8
